{
  "stats": {
    "suites": 1,
    "tests": 2,
    "passes": 0,
    "pending": 0,
    "failures": 2,
    "start": "2025-01-20T19:28:43.179Z",
    "end": "2025-01-20T19:28:44.032Z",
    "duration": 853,
    "testsRegistered": 2,
    "passPercent": 0,
    "pendingPercent": 0,
    "other": -1,
    "hasOther": false,
    "skipped": 1,
    "hasSkipped": true
  },
  "results": [
    {
      "uuid": "16921af9-5b56-46e4-b1b6-6eb3bb35e955",
      "title": "",
      "fullFile": "cypress/e2e/06.NetIncomeCalc.cy.js",
      "file": "cypress/e2e/06.NetIncomeCalc.cy.js",
      "beforeHooks": [],
      "afterHooks": [],
      "tests": [],
      "suites": [
        {
          "uuid": "5eb6b7e1-20e4-4a64-864f-f2016b59b20e",
          "title": "6 - Exiba as informações calculadas sobre salário líquido",
          "fullFile": "",
          "file": "",
          "beforeHooks": [],
          "afterHooks": [],
          "tests": [
            {
              "title": "O salário líquido é calculado e exibido corretamente",
              "fullTitle": "6 - Exiba as informações calculadas sobre salário líquido O salário líquido é calculado e exibido corretamente",
              "timedOut": null,
              "duration": 618,
              "state": "failed",
              "speed": null,
              "pass": false,
              "fail": true,
              "pending": false,
              "context": null,
              "code": "cy.get(\"a[href='/salarios']\").click();\ncy.get(\"button\").contains(/Adicionar salário/i).click();\ncy.get(\"input[name='grossSalary']\").clear().type(\"10500\");\ncy.get(\"input[name='deductions']\").clear().type(\"150\");\ncy.get(\"input[name='date']\").clear().type(\"2022-12-21\");\ncy.get(\"input[name='dependents']\").clear().type(\"1\");\ncy.get(\"button\").contains(/Calcular/i).click();\ncy.contains(/R\\$ 7.280,18/i).should(\"exist\");\ncy.contains(/R\\$ 10.500,00/i).should(\"exist\");\ncy.contains(/R\\$ 1.522,50/i).should(\"exist\");\ncy.contains(/R\\$ 1.547,32/i).should(\"exist\");\ncy.contains(/R\\$ 150,00/i).should(\"exist\");\ncy.get(\"button\").contains(/Editar/i).should(\"exist\");\ncy.get(\"button\").contains(/Salvar/i).should(\"exist\");\ncy.get(\"button\").contains(/Calcular/i).should(\"not.exist\");",
              "err": {
                "message": "CypressError: `cy.visit()` failed trying to load:\n\nhttp://localhost:3000/login \n\nWe attempted to make an http request to this URL but the request failed without a response.\n\nWe received this error at the network level:\n\n  > Error: connect ECONNREFUSED 127.0.0.1:3000\n\nCommon situations why this would fail:\n  - you don't have internet access\n  - you forgot to run / boot your web server\n  - your web server isn't accessible\n  - you have weird network configuration settings on your computer\n\nBecause this error occurred during a `before each` hook we are skipping the remaining tests in the current suite: `6 - Exiba as informações ca...`",
                "estack": "CypressError: `cy.visit()` failed trying to load:\n\nhttp://localhost:3000/login \n\nWe attempted to make an http request to this URL but the request failed without a response.\n\nWe received this error at the network level:\n\n  > Error: connect ECONNREFUSED 127.0.0.1:3000\n\nCommon situations why this would fail:\n  - you don't have internet access\n  - you forgot to run / boot your web server\n  - your web server isn't accessible\n  - you have weird network configuration settings on your computer\n\nBecause this error occurred during a `before each` hook we are skipping the remaining tests in the current suite: `6 - Exiba as informações ca...`\n    at <unknown> (http://localhost:42529/__cypress/runner/cypress_runner.js:130947:74)\n    at visitFailedByErr (http://localhost:42529/__cypress/runner/cypress_runner.js:130339:12)\n    at <unknown> (http://localhost:42529/__cypress/runner/cypress_runner.js:130946:11)\n    at tryCatcher (http://localhost:42529/__cypress/runner/cypress_runner.js:1807:23)\n    at Promise._settlePromiseFromHandler (http://localhost:42529/__cypress/runner/cypress_runner.js:1519:31)\n    at Promise._settlePromise (http://localhost:42529/__cypress/runner/cypress_runner.js:1576:18)\n    at Promise._settlePromise0 (http://localhost:42529/__cypress/runner/cypress_runner.js:1621:10)\n    at Promise._settlePromises (http://localhost:42529/__cypress/runner/cypress_runner.js:1697:18)\n    at _drainQueueStep (http://localhost:42529/__cypress/runner/cypress_runner.js:2407:12)\n    at _drainQueue (http://localhost:42529/__cypress/runner/cypress_runner.js:2400:9)\n    at Async._drainQueues (http://localhost:42529/__cypress/runner/cypress_runner.js:2416:5)\n    at Async.drainQueues (http://localhost:42529/__cypress/runner/cypress_runner.js:2286:14)\nFrom Your Spec Code:\n    at Context.eval (webpack://od-fe-0x-planejamento-financeiro/./cypress/e2e/06.NetIncomeCalc.cy.js:8:7)\n\nFrom Node.js Internals:\n  Error: connect ECONNREFUSED 127.0.0.1:3000\n      at TCPConnectWrap.afterConnect [as oncomplete] (node:net:1494:16)",
                "diff": null
              },
              "uuid": "27a682fb-bf8d-4c01-a71a-596a07c903a3",
              "parentUUID": "5eb6b7e1-20e4-4a64-864f-f2016b59b20e",
              "isHook": false,
              "skipped": false
            },
            {
              "title": "Ao clicar no botão `Editar`, as informações calculadas deixam de ser exibidas e o formulário é exibido novamente",
              "fullTitle": "6 - Exiba as informações calculadas sobre salário líquido Ao clicar no botão `Editar`, as informações calculadas deixam de ser exibidas e o formulário é exibido novamente",
              "timedOut": null,
              "duration": 0,
              "state": "skipped",
              "speed": null,
              "pass": false,
              "fail": false,
              "pending": false,
              "context": null,
              "code": "cy.get(\"a[href='/salarios']\").click();\ncy.get(\"button\").contains(/Adicionar salário/i).click();\ncy.get(\"input[name='grossSalary']\").clear().type(\"10500\");\ncy.get(\"input[name='deductions']\").clear().type(\"150\");\ncy.get(\"input[name='date']\").clear().type(\"2022-12-21\");\ncy.get(\"input[name='dependents']\").clear().type(\"1\");\ncy.get(\"button\").contains(/Calcular/i).click();\ncy.get(\"button\").contains(/Editar/i).click();\ncy.contains(/R\\$ 7.280,18/i).should(\"not.exist\");\ncy.contains(/R\\$ 10.500,00/i).should(\"not.exist\");\ncy.contains(/R\\$ 1.522,50/i).should(\"not.exist\");\ncy.contains(/R\\$ 1.547,32/i).should(\"not.exist\");\ncy.contains(/R\\$ 150,00/i).should(\"not.exist\");\ncy.get(\"input[name='grossSalary']\").should(\"exist\").should(\"have.value\", \"10500\");\ncy.get(\"input[name='deductions']\").should(\"exist\").should(\"have.value\", \"150\");\ncy.get(\"input[name='date']\").should(\"exist\").should(\"have.value\", \"2022-12-21\");\ncy.get(\"input[name='dependents']\").should(\"exist\").should(\"have.value\", \"1\");\ncy.get(\"button\").contains(/Calcular/i).should(\"exist\");\ncy.get(\"button\").contains(/Cancelar/i).should(\"exist\");",
              "err": {},
              "uuid": "fac61da9-cc4e-4a08-9c3f-a2dfdffb10db",
              "parentUUID": "5eb6b7e1-20e4-4a64-864f-f2016b59b20e",
              "isHook": false,
              "skipped": true
            }
          ],
          "suites": [],
          "passes": [],
          "failures": [
            "27a682fb-bf8d-4c01-a71a-596a07c903a3"
          ],
          "pending": [],
          "skipped": [
            "fac61da9-cc4e-4a08-9c3f-a2dfdffb10db"
          ],
          "duration": 618,
          "root": false,
          "rootEmpty": false,
          "_timeout": 2000
        }
      ],
      "passes": [],
      "failures": [],
      "pending": [],
      "skipped": [],
      "duration": 0,
      "root": true,
      "rootEmpty": true,
      "_timeout": 2000
    }
  ],
  "meta": {
    "mocha": {
      "version": "7.0.1"
    },
    "mochawesome": {
      "options": {
        "quiet": false,
        "reportFilename": "mochawesome",
        "saveHtml": false,
        "saveJson": true,
        "consoleReporter": "spec",
        "useInlineDiffs": false,
        "code": true
      },
      "version": "7.1.3"
    },
    "marge": {
      "options": {
        "id": "default",
        "reportDir": "cypress/reports",
        "overwrite": false,
        "html": false,
        "json": true
      },
      "version": "6.2.0"
    }
  }
}