{
  "stats": {
    "suites": 1,
    "tests": 2,
    "passes": 0,
    "pending": 0,
    "failures": 2,
    "start": "2025-01-20T19:29:01.233Z",
    "end": "2025-01-20T19:29:02.105Z",
    "duration": 872,
    "testsRegistered": 2,
    "passPercent": 0,
    "pendingPercent": 0,
    "other": -1,
    "hasOther": false,
    "skipped": 1,
    "hasSkipped": true
  },
  "results": [
    {
      "uuid": "42467b56-a12d-4f2e-822e-eb25faaeadee",
      "title": "",
      "fullFile": "cypress/e2e/12.DeleteExpense.cy.js",
      "file": "cypress/e2e/12.DeleteExpense.cy.js",
      "beforeHooks": [],
      "afterHooks": [],
      "tests": [],
      "suites": [
        {
          "uuid": "29409dcb-a1d4-40f4-ab06-1ea1b845b295",
          "title": "12 - Remova um gasto ao clicar no botão `Excluir`",
          "fullFile": "",
          "file": "",
          "beforeHooks": [],
          "afterHooks": [],
          "tests": [
            {
              "title": "Um gasto é removido da lista quando o botão `Excluir` é clicado",
              "fullTitle": "12 - Remova um gasto ao clicar no botão `Excluir` Um gasto é removido da lista quando o botão `Excluir` é clicado",
              "timedOut": null,
              "duration": 642,
              "state": "failed",
              "speed": null,
              "pass": false,
              "fail": true,
              "pending": false,
              "context": null,
              "code": "const [expense1, expense2, expense3] = _constants.EXPENSES;\ncy.get(\"button\").contains(/Cadastrar gasto/i).click();\ncy.get(\"input[name='name']\").clear().type(expense1.name);\ncy.get(\"select[name='type']\").select(expense1.type);\ncy.get(\"input[name='amount']\").clear().type(expense1.amount);\ncy.get(\"button\").contains(/Salvar/i).click();\ncy.get(\"button\").contains(/Cadastrar gasto/i).click();\ncy.get(\"input[name='name']\").clear().type(expense2.name);\ncy.get(\"select[name='type']\").select(expense2.type);\ncy.get(\"input[name='amount']\").clear().type(expense2.amount);\ncy.get(\"button\").contains(/Salvar/i).click();\ncy.get(\"button\").contains(/Cadastrar gasto/i).click();\ncy.get(\"input[name='name']\").clear().type(expense3.name);\ncy.get(\"select[name='type']\").select(expense3.type);\ncy.get(\"input[name='amount']\").clear().type(expense3.amount);\ncy.get(\"button\").contains(/Salvar/i).click();\ncy.contains(/R\\$ 1.500,00/i).should(\"exist\");\ncy.contains(/R\\$ 120,00/i).should(\"exist\");\ncy.contains(/R\\$ 250,00/i).should(\"exist\");\ncy.get('button:contains(\"Excluir\")').should(\"have.length\", 3);\ncy.get('button:contains(\"Excluir\")').eq(1).click();\ncy.contains(/R\\$ 1.500,00/i).should(\"exist\");\ncy.contains(/R\\$ 120,00/i).should(\"not.exist\");\ncy.contains(/R\\$ 250,00/i).should(\"exist\");\ncy.get('button:contains(\"Excluir\")').should(\"have.length\", 2);\n// Aguarda pelo menos 2 segundos para garantir que o json-server\n// tenha tempo de processar a exclusão\ncy.wait(2000);",
              "err": {
                "message": "CypressError: `cy.visit()` failed trying to load:\n\nhttp://localhost:3000/login \n\nWe attempted to make an http request to this URL but the request failed without a response.\n\nWe received this error at the network level:\n\n  > Error: connect ECONNREFUSED 127.0.0.1:3000\n\nCommon situations why this would fail:\n  - you don't have internet access\n  - you forgot to run / boot your web server\n  - your web server isn't accessible\n  - you have weird network configuration settings on your computer\n\nBecause this error occurred during a `before each` hook we are skipping the remaining tests in the current suite: `12 - Remova um gasto ao cli...`",
                "estack": "CypressError: `cy.visit()` failed trying to load:\n\nhttp://localhost:3000/login \n\nWe attempted to make an http request to this URL but the request failed without a response.\n\nWe received this error at the network level:\n\n  > Error: connect ECONNREFUSED 127.0.0.1:3000\n\nCommon situations why this would fail:\n  - you don't have internet access\n  - you forgot to run / boot your web server\n  - your web server isn't accessible\n  - you have weird network configuration settings on your computer\n\nBecause this error occurred during a `before each` hook we are skipping the remaining tests in the current suite: `12 - Remova um gasto ao cli...`\n    at <unknown> (http://localhost:42529/__cypress/runner/cypress_runner.js:130947:74)\n    at visitFailedByErr (http://localhost:42529/__cypress/runner/cypress_runner.js:130339:12)\n    at <unknown> (http://localhost:42529/__cypress/runner/cypress_runner.js:130946:11)\n    at tryCatcher (http://localhost:42529/__cypress/runner/cypress_runner.js:1807:23)\n    at Promise._settlePromiseFromHandler (http://localhost:42529/__cypress/runner/cypress_runner.js:1519:31)\n    at Promise._settlePromise (http://localhost:42529/__cypress/runner/cypress_runner.js:1576:18)\n    at Promise._settlePromise0 (http://localhost:42529/__cypress/runner/cypress_runner.js:1621:10)\n    at Promise._settlePromises (http://localhost:42529/__cypress/runner/cypress_runner.js:1697:18)\n    at _drainQueueStep (http://localhost:42529/__cypress/runner/cypress_runner.js:2407:12)\n    at _drainQueue (http://localhost:42529/__cypress/runner/cypress_runner.js:2400:9)\n    at Async._drainQueues (http://localhost:42529/__cypress/runner/cypress_runner.js:2416:5)\n    at Async.drainQueues (http://localhost:42529/__cypress/runner/cypress_runner.js:2286:14)\nFrom Your Spec Code:\n    at Context.eval (webpack://od-fe-0x-planejamento-financeiro/./cypress/e2e/12.DeleteExpense.cy.js:9:7)\n\nFrom Node.js Internals:\n  Error: connect ECONNREFUSED 127.0.0.1:3000\n      at TCPConnectWrap.afterConnect [as oncomplete] (node:net:1494:16)",
                "diff": null
              },
              "uuid": "615ba1d1-942d-488e-8f65-36ae592546fc",
              "parentUUID": "29409dcb-a1d4-40f4-ab06-1ea1b845b295",
              "isHook": false,
              "skipped": false
            },
            {
              "title": "A mensagem `Nenhum gasto adicionado` é exibida quando todos os gastos cadastrados são removidos",
              "fullTitle": "12 - Remova um gasto ao clicar no botão `Excluir` A mensagem `Nenhum gasto adicionado` é exibida quando todos os gastos cadastrados são removidos",
              "timedOut": null,
              "duration": 0,
              "state": "skipped",
              "speed": null,
              "pass": false,
              "fail": false,
              "pending": false,
              "context": null,
              "code": "const [expense1] = _constants.EXPENSES;\ncy.contains(/Nenhum gasto adicionado/i).should(\"exist\");\ncy.get(\"button\").contains(/Cadastrar gasto/i).click();\ncy.get(\"input[name='name']\").clear().type(expense1.name);\ncy.get(\"select[name='type']\").select(expense1.type);\ncy.get(\"input[name='amount']\").clear().type(expense1.amount);\ncy.get(\"button\").contains(/Salvar/i).click();\ncy.contains(/R\\$ 1.500,00/i).should(\"exist\");\ncy.contains(/Nenhum gasto adicionado/i).should(\"not.exist\");\ncy.get(\"button\").contains(/Excluir/i).click();\ncy.contains(/R\\$ 1.500,00/i).should(\"not.exist\");\ncy.contains(/Nenhum gasto adicionado/i).should(\"exist\");",
              "err": {},
              "uuid": "9f0e0006-fc0c-49b7-85bd-6d3d8f26ad1a",
              "parentUUID": "29409dcb-a1d4-40f4-ab06-1ea1b845b295",
              "isHook": false,
              "skipped": true
            }
          ],
          "suites": [],
          "passes": [],
          "failures": [
            "615ba1d1-942d-488e-8f65-36ae592546fc"
          ],
          "pending": [],
          "skipped": [
            "9f0e0006-fc0c-49b7-85bd-6d3d8f26ad1a"
          ],
          "duration": 642,
          "root": false,
          "rootEmpty": false,
          "_timeout": 2000
        }
      ],
      "passes": [],
      "failures": [],
      "pending": [],
      "skipped": [],
      "duration": 0,
      "root": true,
      "rootEmpty": true,
      "_timeout": 2000
    }
  ],
  "meta": {
    "mocha": {
      "version": "7.0.1"
    },
    "mochawesome": {
      "options": {
        "quiet": false,
        "reportFilename": "mochawesome",
        "saveHtml": false,
        "saveJson": true,
        "consoleReporter": "spec",
        "useInlineDiffs": false,
        "code": true
      },
      "version": "7.1.3"
    },
    "marge": {
      "options": {
        "id": "default",
        "reportDir": "cypress/reports",
        "overwrite": false,
        "html": false,
        "json": true
      },
      "version": "6.2.0"
    }
  }
}