{
  "stats": {
    "suites": 1,
    "tests": 3,
    "passes": 0,
    "pending": 0,
    "failures": 3,
    "start": "2025-01-22T19:51:43.024Z",
    "end": "2025-01-22T19:52:48.413Z",
    "duration": 65389,
    "testsRegistered": 3,
    "passPercent": 0,
    "pendingPercent": 0,
    "other": 0,
    "hasOther": false,
    "skipped": 0,
    "hasSkipped": false
  },
  "results": [
    {
      "uuid": "0917c8dd-5171-4ba7-849d-0bffc0feaf0e",
      "title": "",
      "fullFile": "cypress/e2e/03.HomePage.cy.js",
      "file": "cypress/e2e/03.HomePage.cy.js",
      "beforeHooks": [],
      "afterHooks": [],
      "tests": [],
      "suites": [
        {
          "uuid": "54662b23-2454-4b01-a7b0-ab2e0865c4c3",
          "title": "3 - Crie os elementos da página Home",
          "fullFile": "",
          "file": "",
          "beforeHooks": [],
          "afterHooks": [],
          "tests": [
            {
              "title": "A página deve conter o texto do banner",
              "fullTitle": "3 - Crie os elementos da página Home A página deve conter o texto do banner",
              "timedOut": null,
              "duration": 21157,
              "state": "failed",
              "speed": null,
              "pass": false,
              "fail": true,
              "pending": false,
              "context": null,
              "code": "cy.contains(/Chegou a hora de organizar suas finanças pessoais!/i).should(\"exist\");",
              "err": {
                "message": "AssertionError: Timed out retrying after 20000ms: Expected to find content: '/Chegou a hora de organizar suas finanças pessoais!/i' but never did.",
                "estack": "AssertionError: Timed out retrying after 20000ms: Expected to find content: '/Chegou a hora de organizar suas finanças pessoais!/i' but never did.\n    at Context.eval (webpack://od-fe-0x-planejamento-financeiro/./cypress/e2e/03.HomePage.cy.js:15:71)",
                "diff": null
              },
              "uuid": "3fcd16ef-43e1-4aed-a58a-14af54a307d1",
              "parentUUID": "54662b23-2454-4b01-a7b0-ab2e0865c4c3",
              "isHook": false,
              "skipped": false
            },
            {
              "title": "A página deve conter um link que redireciona para página `/salarios`",
              "fullTitle": "3 - Crie os elementos da página Home A página deve conter um link que redireciona para página `/salarios`",
              "timedOut": null,
              "duration": 21576,
              "state": "failed",
              "speed": null,
              "pass": false,
              "fail": true,
              "pending": false,
              "context": null,
              "code": "cy.get(\"a[href='/salarios']\").click();\ncy.location(\"pathname\").should(\"eq\", \"/salarios\");",
              "err": {
                "message": "AssertionError: Timed out retrying after 20000ms: Expected to find element: `a[href='/salarios']`, but never found it.",
                "estack": "AssertionError: Timed out retrying after 20000ms: Expected to find element: `a[href='/salarios']`, but never found it.\n    at Context.eval (webpack://od-fe-0x-planejamento-financeiro/./cypress/e2e/03.HomePage.cy.js:21:7)",
                "diff": null
              },
              "uuid": "e088d06c-12df-4a3b-90f0-1000d8a40173",
              "parentUUID": "54662b23-2454-4b01-a7b0-ab2e0865c4c3",
              "isHook": false,
              "skipped": false
            },
            {
              "title": "A página deve conter um link que redireciona para página `/orcamento`",
              "fullTitle": "3 - Crie os elementos da página Home A página deve conter um link que redireciona para página `/orcamento`",
              "timedOut": null,
              "duration": 20718,
              "state": "failed",
              "speed": null,
              "pass": false,
              "fail": true,
              "pending": false,
              "context": null,
              "code": "cy.get(\"a[href='/orcamento']\").click();\ncy.location(\"pathname\").should(\"eq\", \"/orcamento\");",
              "err": {
                "message": "AssertionError: Timed out retrying after 20000ms: Expected to find element: `a[href='/orcamento']`, but never found it.",
                "estack": "AssertionError: Timed out retrying after 20000ms: Expected to find element: `a[href='/orcamento']`, but never found it.\n    at Context.eval (webpack://od-fe-0x-planejamento-financeiro/./cypress/e2e/03.HomePage.cy.js:26:7)",
                "diff": null
              },
              "uuid": "02b51554-1007-436c-a00d-ba7417052eac",
              "parentUUID": "54662b23-2454-4b01-a7b0-ab2e0865c4c3",
              "isHook": false,
              "skipped": false
            }
          ],
          "suites": [],
          "passes": [],
          "failures": [
            "3fcd16ef-43e1-4aed-a58a-14af54a307d1",
            "e088d06c-12df-4a3b-90f0-1000d8a40173",
            "02b51554-1007-436c-a00d-ba7417052eac"
          ],
          "pending": [],
          "skipped": [],
          "duration": 63451,
          "root": false,
          "rootEmpty": false,
          "_timeout": 2000
        }
      ],
      "passes": [],
      "failures": [],
      "pending": [],
      "skipped": [],
      "duration": 0,
      "root": true,
      "rootEmpty": true,
      "_timeout": 2000
    }
  ],
  "meta": {
    "mocha": {
      "version": "7.0.1"
    },
    "mochawesome": {
      "options": {
        "quiet": false,
        "reportFilename": "mochawesome",
        "saveHtml": false,
        "saveJson": true,
        "consoleReporter": "spec",
        "useInlineDiffs": false,
        "code": true
      },
      "version": "7.1.3"
    },
    "marge": {
      "options": {
        "id": "default",
        "reportDir": "cypress/reports",
        "overwrite": false,
        "html": false,
        "json": true
      },
      "version": "6.2.0"
    }
  }
}