{
  "stats": {
    "suites": 1,
    "tests": 1,
    "passes": 0,
    "pending": 0,
    "failures": 1,
    "start": "2025-01-20T19:29:04.321Z",
    "end": "2025-01-20T19:29:05.171Z",
    "duration": 850,
    "testsRegistered": 1,
    "passPercent": 0,
    "pendingPercent": 0,
    "other": 0,
    "hasOther": false,
    "skipped": 0,
    "hasSkipped": false
  },
  "results": [
    {
      "uuid": "d57c261a-9a98-4bb0-8346-1f7d4a7c0d93",
      "title": "",
      "fullFile": "cypress/e2e/13.CategoriesAmount.cy.js",
      "file": "cypress/e2e/13.CategoriesAmount.cy.js",
      "beforeHooks": [],
      "afterHooks": [],
      "tests": [],
      "suites": [
        {
          "uuid": "4e15c5f1-cf7a-4962-a73c-c45590914634",
          "title": "13 - Calcule qual a porcentagem do salário cada tipo de gasto representa",
          "fullFile": "",
          "file": "",
          "beforeHooks": [],
          "afterHooks": [],
          "tests": [
            {
              "title": "A somatória e porcentagem por categoria são exibidas corretamente",
              "fullTitle": "13 - Calcule qual a porcentagem do salário cada tipo de gasto representa A somatória e porcentagem por categoria são exibidas corretamente",
              "timedOut": null,
              "duration": 671,
              "state": "failed",
              "speed": null,
              "pass": false,
              "fail": true,
              "pending": false,
              "context": null,
              "code": "const [expense1, expense2, expense3] = _constants.EXPENSES;\ncy.get(\"button\").contains(/Cadastrar gasto/i).click();\ncy.get(\"input[name='name']\").clear().type(expense1.name);\ncy.get(\"select[name='type']\").select(expense1.type);\ncy.get(\"input[name='amount']\").clear().type(expense1.amount);\ncy.get(\"button\").contains(/Salvar/i).click();\ncy.get(\"button\").contains(/Cadastrar gasto/i).click();\ncy.get(\"input[name='name']\").clear().type(expense1.name);\ncy.get(\"select[name='type']\").select(expense1.type);\ncy.get(\"input[name='amount']\").clear().type(expense1.amount);\ncy.get(\"button\").contains(/Salvar/i).click();\ncy.get(\"button\").contains(/Cadastrar gasto/i).click();\ncy.get(\"input[name='name']\").clear().type(expense2.name);\ncy.get(\"select[name='type']\").select(expense2.type);\ncy.get(\"input[name='amount']\").clear().type(expense2.amount);\ncy.get(\"button\").contains(/Salvar/i).click();\ncy.get(\"button\").contains(/Cadastrar gasto/i).click();\ncy.get(\"input[name='name']\").clear().type(expense2.name);\ncy.get(\"select[name='type']\").select(expense2.type);\ncy.get(\"input[name='amount']\").clear().type(expense2.amount);\ncy.get(\"button\").contains(/Salvar/i).click();\ncy.get(\"button\").contains(/Cadastrar gasto/i).click();\ncy.get(\"input[name='name']\").clear().type(expense3.name);\ncy.get(\"select[name='type']\").select(expense3.type);\ncy.get(\"input[name='amount']\").clear().type(expense3.amount);\ncy.get(\"button\").contains(/Salvar/i).click();\ncy.get(\"button\").contains(/Cadastrar gasto/i).click();\ncy.get(\"input[name='name']\").clear().type(expense3.name);\ncy.get(\"select[name='type']\").select(expense3.type);\ncy.get(\"input[name='amount']\").clear().type(expense3.amount);\ncy.get(\"button\").contains(/Salvar/i).click();\ncy.contains(/R\\$ 3.000,00/i).should(\"exist\");\ncy.contains(/R\\$ 240,00/i).should(\"exist\");\ncy.contains(/R\\$ 500,00/i).should(\"exist\");\ncy.contains(/(42%)/i).should(\"exist\");\ncy.contains(/(4%)/i).should(\"exist\");\ncy.contains(/(7%)/i).should(\"exist\");",
              "err": {
                "message": "CypressError: `cy.visit()` failed trying to load:\n\nhttp://localhost:3000/login \n\nWe attempted to make an http request to this URL but the request failed without a response.\n\nWe received this error at the network level:\n\n  > Error: connect ECONNREFUSED 127.0.0.1:3000\n\nCommon situations why this would fail:\n  - you don't have internet access\n  - you forgot to run / boot your web server\n  - your web server isn't accessible\n  - you have weird network configuration settings on your computer\n\nBecause this error occurred during a `before each` hook we are skipping the remaining tests in the current suite: `13 - Calcule qual a porcent...`",
                "estack": "CypressError: `cy.visit()` failed trying to load:\n\nhttp://localhost:3000/login \n\nWe attempted to make an http request to this URL but the request failed without a response.\n\nWe received this error at the network level:\n\n  > Error: connect ECONNREFUSED 127.0.0.1:3000\n\nCommon situations why this would fail:\n  - you don't have internet access\n  - you forgot to run / boot your web server\n  - your web server isn't accessible\n  - you have weird network configuration settings on your computer\n\nBecause this error occurred during a `before each` hook we are skipping the remaining tests in the current suite: `13 - Calcule qual a porcent...`\n    at <unknown> (http://localhost:42529/__cypress/runner/cypress_runner.js:130947:74)\n    at visitFailedByErr (http://localhost:42529/__cypress/runner/cypress_runner.js:130339:12)\n    at <unknown> (http://localhost:42529/__cypress/runner/cypress_runner.js:130946:11)\n    at tryCatcher (http://localhost:42529/__cypress/runner/cypress_runner.js:1807:23)\n    at Promise._settlePromiseFromHandler (http://localhost:42529/__cypress/runner/cypress_runner.js:1519:31)\n    at Promise._settlePromise (http://localhost:42529/__cypress/runner/cypress_runner.js:1576:18)\n    at Promise._settlePromise0 (http://localhost:42529/__cypress/runner/cypress_runner.js:1621:10)\n    at Promise._settlePromises (http://localhost:42529/__cypress/runner/cypress_runner.js:1697:18)\n    at _drainQueueStep (http://localhost:42529/__cypress/runner/cypress_runner.js:2407:12)\n    at _drainQueue (http://localhost:42529/__cypress/runner/cypress_runner.js:2400:9)\n    at Async._drainQueues (http://localhost:42529/__cypress/runner/cypress_runner.js:2416:5)\n    at Async.drainQueues (http://localhost:42529/__cypress/runner/cypress_runner.js:2286:14)\nFrom Your Spec Code:\n    at Context.eval (webpack://od-fe-0x-planejamento-financeiro/./cypress/e2e/13.CategoriesAmount.cy.js:9:7)\n\nFrom Node.js Internals:\n  Error: connect ECONNREFUSED 127.0.0.1:3000\n      at TCPConnectWrap.afterConnect [as oncomplete] (node:net:1494:16)",
                "diff": null
              },
              "uuid": "6b1e17a0-86c9-4a8d-90fa-0b3283dc7b16",
              "parentUUID": "4e15c5f1-cf7a-4962-a73c-c45590914634",
              "isHook": false,
              "skipped": false
            }
          ],
          "suites": [],
          "passes": [],
          "failures": [
            "6b1e17a0-86c9-4a8d-90fa-0b3283dc7b16"
          ],
          "pending": [],
          "skipped": [],
          "duration": 671,
          "root": false,
          "rootEmpty": false,
          "_timeout": 2000
        }
      ],
      "passes": [],
      "failures": [],
      "pending": [],
      "skipped": [],
      "duration": 0,
      "root": true,
      "rootEmpty": true,
      "_timeout": 2000
    }
  ],
  "meta": {
    "mocha": {
      "version": "7.0.1"
    },
    "mochawesome": {
      "options": {
        "quiet": false,
        "reportFilename": "mochawesome",
        "saveHtml": false,
        "saveJson": true,
        "consoleReporter": "spec",
        "useInlineDiffs": false,
        "code": true
      },
      "version": "7.1.3"
    },
    "marge": {
      "options": {
        "id": "default",
        "reportDir": "cypress/reports",
        "overwrite": false,
        "html": false,
        "json": true
      },
      "version": "6.2.0"
    }
  }
}