{
  "stats": {
    "suites": 1,
    "tests": 1,
    "passes": 0,
    "pending": 0,
    "failures": 1,
    "start": "2025-01-22T19:52:50.259Z",
    "end": "2025-01-22T19:53:13.294Z",
    "duration": 23035,
    "testsRegistered": 1,
    "passPercent": 0,
    "pendingPercent": 0,
    "other": 0,
    "hasOther": false,
    "skipped": 0,
    "hasSkipped": false
  },
  "results": [
    {
      "uuid": "004a3007-3dfc-446b-8387-daf93426f0e3",
      "title": "",
      "fullFile": "cypress/e2e/04.NoIcomesMessage.cy.js",
      "file": "cypress/e2e/04.NoIcomesMessage.cy.js",
      "beforeHooks": [],
      "afterHooks": [],
      "tests": [],
      "suites": [
        {
          "uuid": "1f512aa5-2134-47b5-b0e1-c044afce4414",
          "title": "4 - Exiba uma mensagem quando não houver salários cadastrados",
          "fullFile": "",
          "file": "",
          "beforeHooks": [],
          "afterHooks": [],
          "tests": [
            {
              "title": "Os textos informando que não há salários cadastrados e o botão `Adicionar salário` são exibidos",
              "fullTitle": "4 - Exiba uma mensagem quando não houver salários cadastrados Os textos informando que não há salários cadastrados e o botão `Adicionar salário` são exibidos",
              "timedOut": null,
              "duration": 21190,
              "state": "failed",
              "speed": null,
              "pass": false,
              "fail": true,
              "pending": false,
              "context": null,
              "code": "cy.get(\"a[href='/salarios']\").click();\ncy.contains(/Nenhum salário adicionado/i).should(\"exist\");\ncy.contains(/Adicione um salário para fazer o cálculo/i).should(\"exist\");\ncy.contains(/Adicionar salário/i).should(\"exist\");",
              "err": {
                "message": "AssertionError: Timed out retrying after 20000ms: Expected to find element: `a[href='/salarios']`, but never found it.",
                "estack": "AssertionError: Timed out retrying after 20000ms: Expected to find element: `a[href='/salarios']`, but never found it.\n    at Context.eval (webpack://od-fe-0x-planejamento-financeiro/./cypress/e2e/04.NoIcomesMessage.cy.js:15:7)",
                "diff": null
              },
              "uuid": "6fbe6d65-717c-4573-948e-c2180a4fd9ef",
              "parentUUID": "1f512aa5-2134-47b5-b0e1-c044afce4414",
              "isHook": false,
              "skipped": false
            }
          ],
          "suites": [],
          "passes": [],
          "failures": [
            "6fbe6d65-717c-4573-948e-c2180a4fd9ef"
          ],
          "pending": [],
          "skipped": [],
          "duration": 21190,
          "root": false,
          "rootEmpty": false,
          "_timeout": 2000
        }
      ],
      "passes": [],
      "failures": [],
      "pending": [],
      "skipped": [],
      "duration": 0,
      "root": true,
      "rootEmpty": true,
      "_timeout": 2000
    }
  ],
  "meta": {
    "mocha": {
      "version": "7.0.1"
    },
    "mochawesome": {
      "options": {
        "quiet": false,
        "reportFilename": "mochawesome",
        "saveHtml": false,
        "saveJson": true,
        "consoleReporter": "spec",
        "useInlineDiffs": false,
        "code": true
      },
      "version": "7.1.3"
    },
    "marge": {
      "options": {
        "id": "default",
        "reportDir": "cypress/reports",
        "overwrite": false,
        "html": false,
        "json": true
      },
      "version": "6.2.0"
    }
  }
}