{
  "stats": {
    "suites": 1,
    "tests": 2,
    "passes": 0,
    "pending": 0,
    "failures": 2,
    "start": "2025-01-20T19:28:58.172Z",
    "end": "2025-01-20T19:28:58.997Z",
    "duration": 825,
    "testsRegistered": 3,
    "passPercent": 0,
    "pendingPercent": 0,
    "other": -1,
    "hasOther": false,
    "skipped": 2,
    "hasSkipped": true
  },
  "results": [
    {
      "uuid": "2f12cd34-57d6-499b-853a-b60949e0a599",
      "title": "",
      "fullFile": "cypress/e2e/11.ExpensesList.cy.js",
      "file": "cypress/e2e/11.ExpensesList.cy.js",
      "beforeHooks": [],
      "afterHooks": [],
      "tests": [],
      "suites": [
        {
          "uuid": "fab23b71-758e-43fb-8fc0-668e1a4b225a",
          "title": "11 - Salve o gasto informado e exiba uma lista com todos os gastos cadastrados",
          "fullFile": "",
          "file": "",
          "beforeHooks": [],
          "afterHooks": [],
          "tests": [
            {
              "title": "A mensagem `Nenhum gasto adicionado` não é exibida quando existe algum gasto cadastrado",
              "fullTitle": "11 - Salve o gasto informado e exiba uma lista com todos os gastos cadastrados A mensagem `Nenhum gasto adicionado` não é exibida quando existe algum gasto cadastrado",
              "timedOut": null,
              "duration": 626,
              "state": "failed",
              "speed": null,
              "pass": false,
              "fail": true,
              "pending": false,
              "context": null,
              "code": "cy.contains(/Nenhum gasto adicionado/i).should(\"exist\");\ncy.get(\"button\").contains(/Cadastrar gasto/i).click();\nconst [expense1] = _constants.EXPENSES;\ncy.get(\"input[name='name']\").clear().type(expense1.name);\ncy.get(\"select[name='type']\").select(expense1.type);\ncy.get(\"input[name='amount']\").clear().type(expense1.amount);\ncy.get(\"button\").contains(/Salvar/i).click();\ncy.contains(/Nenhum gasto adicionado/i).should(\"not.exist\");",
              "err": {
                "message": "CypressError: `cy.visit()` failed trying to load:\n\nhttp://localhost:3000/login \n\nWe attempted to make an http request to this URL but the request failed without a response.\n\nWe received this error at the network level:\n\n  > Error: connect ECONNREFUSED 127.0.0.1:3000\n\nCommon situations why this would fail:\n  - you don't have internet access\n  - you forgot to run / boot your web server\n  - your web server isn't accessible\n  - you have weird network configuration settings on your computer\n\nBecause this error occurred during a `before each` hook we are skipping the remaining tests in the current suite: `11 - Salve o gasto informad...`",
                "estack": "CypressError: `cy.visit()` failed trying to load:\n\nhttp://localhost:3000/login \n\nWe attempted to make an http request to this URL but the request failed without a response.\n\nWe received this error at the network level:\n\n  > Error: connect ECONNREFUSED 127.0.0.1:3000\n\nCommon situations why this would fail:\n  - you don't have internet access\n  - you forgot to run / boot your web server\n  - your web server isn't accessible\n  - you have weird network configuration settings on your computer\n\nBecause this error occurred during a `before each` hook we are skipping the remaining tests in the current suite: `11 - Salve o gasto informad...`\n    at <unknown> (http://localhost:42529/__cypress/runner/cypress_runner.js:130947:74)\n    at visitFailedByErr (http://localhost:42529/__cypress/runner/cypress_runner.js:130339:12)\n    at <unknown> (http://localhost:42529/__cypress/runner/cypress_runner.js:130946:11)\n    at tryCatcher (http://localhost:42529/__cypress/runner/cypress_runner.js:1807:23)\n    at Promise._settlePromiseFromHandler (http://localhost:42529/__cypress/runner/cypress_runner.js:1519:31)\n    at Promise._settlePromise (http://localhost:42529/__cypress/runner/cypress_runner.js:1576:18)\n    at Promise._settlePromise0 (http://localhost:42529/__cypress/runner/cypress_runner.js:1621:10)\n    at Promise._settlePromises (http://localhost:42529/__cypress/runner/cypress_runner.js:1697:18)\n    at _drainQueueStep (http://localhost:42529/__cypress/runner/cypress_runner.js:2407:12)\n    at _drainQueue (http://localhost:42529/__cypress/runner/cypress_runner.js:2400:9)\n    at Async._drainQueues (http://localhost:42529/__cypress/runner/cypress_runner.js:2416:5)\n    at Async.drainQueues (http://localhost:42529/__cypress/runner/cypress_runner.js:2286:14)\nFrom Your Spec Code:\n    at Context.eval (webpack://od-fe-0x-planejamento-financeiro/./cypress/e2e/11.ExpensesList.cy.js:9:7)\n\nFrom Node.js Internals:\n  Error: connect ECONNREFUSED 127.0.0.1:3000\n      at TCPConnectWrap.afterConnect [as oncomplete] (node:net:1494:16)",
                "diff": null
              },
              "uuid": "11d7b817-9df1-4098-8293-e68690daefeb",
              "parentUUID": "fab23b71-758e-43fb-8fc0-668e1a4b225a",
              "isHook": false,
              "skipped": false
            },
            {
              "title": "Um gasto cadastrado é exibido após ser salvo",
              "fullTitle": "11 - Salve o gasto informado e exiba uma lista com todos os gastos cadastrados Um gasto cadastrado é exibido após ser salvo",
              "timedOut": null,
              "duration": 0,
              "state": "skipped",
              "speed": null,
              "pass": false,
              "fail": false,
              "pending": false,
              "context": null,
              "code": "cy.get(\"button\").contains(/Cadastrar gasto/i).click();\nconst [expense1] = _constants.EXPENSES;\ncy.get(\"input[name='name']\").clear().type(expense1.name);\ncy.get(\"select[name='type']\").select(expense1.type);\ncy.get(\"input[name='amount']\").clear().type(expense1.amount);\ncy.get(\"button\").contains(/Salvar/i).click();\ncy.contains(/Aluguel/i).should(\"exist\");\ncy.contains(/R\\$ 1.500,00/i).should(\"exist\");\ncy.contains(/Gastos essenciais/i).should(\"exist\");\ncy.get(\"button\").contains(/Excluir/i).should(\"exist\");",
              "err": {},
              "uuid": "07d6c70f-68c6-4f37-85c0-b4eecf3d1381",
              "parentUUID": "fab23b71-758e-43fb-8fc0-668e1a4b225a",
              "isHook": false,
              "skipped": true
            },
            {
              "title": "Uma lista de gastos é exibida quando mais de um gasto é cadastrado",
              "fullTitle": "11 - Salve o gasto informado e exiba uma lista com todos os gastos cadastrados Uma lista de gastos é exibida quando mais de um gasto é cadastrado",
              "timedOut": null,
              "duration": 0,
              "state": "skipped",
              "speed": null,
              "pass": false,
              "fail": false,
              "pending": false,
              "context": null,
              "code": "cy.get(\"button\").contains(/Cadastrar gasto/i).click();\nconst [expense1, expense2] = _constants.EXPENSES;\ncy.get(\"input[name='name']\").clear().type(expense1.name);\ncy.get(\"select[name='type']\").select(expense1.type);\ncy.get(\"input[name='amount']\").clear().type(expense1.amount);\ncy.get(\"button\").contains(/Salvar/i).click();\ncy.get(\"button\").contains(/Cadastrar gasto/i).click();\ncy.get(\"input[name='name']\").clear().type(expense2.name);\ncy.get(\"select[name='type']\").select(expense2.type);\ncy.get(\"input[name='amount']\").clear().type(expense2.amount);\ncy.get(\"button\").contains(/Salvar/i).click();\n// expense1\ncy.contains(/Aluguel/i).should(\"exist\");\ncy.contains(/R\\$ 1.500,00/i).should(\"exist\");\ncy.contains(/Gastos essenciais/i).should(\"exist\");\n// expense2\ncy.contains(/Cinema/i).should(\"exist\");\ncy.contains(/R\\$ 120,00/i).should(\"exist\");\ncy.contains(/Lazer e desejos/i).should(\"exist\");\ncy.get('button:contains(\"Excluir\")').should(\"have.length\", 2);",
              "err": {},
              "uuid": "9f74a29a-333b-4bea-b89b-8c327d619e16",
              "parentUUID": "fab23b71-758e-43fb-8fc0-668e1a4b225a",
              "isHook": false,
              "skipped": true
            }
          ],
          "suites": [],
          "passes": [],
          "failures": [
            "11d7b817-9df1-4098-8293-e68690daefeb"
          ],
          "pending": [],
          "skipped": [
            "07d6c70f-68c6-4f37-85c0-b4eecf3d1381",
            "9f74a29a-333b-4bea-b89b-8c327d619e16"
          ],
          "duration": 626,
          "root": false,
          "rootEmpty": false,
          "_timeout": 2000
        }
      ],
      "passes": [],
      "failures": [],
      "pending": [],
      "skipped": [],
      "duration": 0,
      "root": true,
      "rootEmpty": true,
      "_timeout": 2000
    }
  ],
  "meta": {
    "mocha": {
      "version": "7.0.1"
    },
    "mochawesome": {
      "options": {
        "quiet": false,
        "reportFilename": "mochawesome",
        "saveHtml": false,
        "saveJson": true,
        "consoleReporter": "spec",
        "useInlineDiffs": false,
        "code": true
      },
      "version": "7.1.3"
    },
    "marge": {
      "options": {
        "id": "default",
        "reportDir": "cypress/reports",
        "overwrite": false,
        "html": false,
        "json": true
      },
      "version": "6.2.0"
    }
  }
}