{
  "stats": {
    "suites": 1,
    "tests": 2,
    "passes": 0,
    "pending": 0,
    "failures": 2,
    "start": "2025-01-20T19:28:46.244Z",
    "end": "2025-01-20T19:28:47.052Z",
    "duration": 808,
    "testsRegistered": 3,
    "passPercent": 0,
    "pendingPercent": 0,
    "other": -1,
    "hasOther": false,
    "skipped": 2,
    "hasSkipped": true
  },
  "results": [
    {
      "uuid": "dfe97758-11a2-4af3-a47f-c50c848209f5",
      "title": "",
      "fullFile": "cypress/e2e/07.IcomesList.cy.js",
      "file": "cypress/e2e/07.IcomesList.cy.js",
      "beforeHooks": [],
      "afterHooks": [],
      "tests": [],
      "suites": [
        {
          "uuid": "cf0b6b8b-00c0-41fe-9776-fdd2c0751c63",
          "title": "7 - Salve as informações calculadas e exiba uma lista com todos os salários",
          "fullFile": "",
          "file": "",
          "beforeHooks": [],
          "afterHooks": [],
          "tests": [
            {
              "title": "A mensagem `Nenhum salário adicionado` não é exibida quando existe algum salário cadastrado",
              "fullTitle": "7 - Salve as informações calculadas e exiba uma lista com todos os salários A mensagem `Nenhum salário adicionado` não é exibida quando existe algum salário cadastrado",
              "timedOut": null,
              "duration": 596,
              "state": "failed",
              "speed": null,
              "pass": false,
              "fail": true,
              "pending": false,
              "context": null,
              "code": "cy.contains(/Nenhum salário adicionado/i).should(\"exist\");\ncy.get(\"button\").contains(/Adicionar salário/i).click();\nconst [{\n  grossSalary,\n  deductions,\n  date,\n  dependents\n}] = _constants.INCOMES;\ncy.get(\"input[name='grossSalary']\").clear().type(grossSalary);\ncy.get(\"input[name='deductions']\").clear().type(deductions);\ncy.get(\"input[name='date']\").clear().type(date);\ncy.get(\"input[name='dependents']\").clear().type(dependents);\ncy.get(\"button\").contains(/Calcular/i).click();\ncy.get(\"button\").contains(/Salvar/i).click();\ncy.contains(/Nenhum salário adicionado/i).should(\"not.exist\");",
              "err": {
                "message": "CypressError: `cy.visit()` failed trying to load:\n\nhttp://localhost:3000/login \n\nWe attempted to make an http request to this URL but the request failed without a response.\n\nWe received this error at the network level:\n\n  > Error: connect ECONNREFUSED 127.0.0.1:3000\n\nCommon situations why this would fail:\n  - you don't have internet access\n  - you forgot to run / boot your web server\n  - your web server isn't accessible\n  - you have weird network configuration settings on your computer\n\nBecause this error occurred during a `before each` hook we are skipping the remaining tests in the current suite: `7 - Salve as informações ca...`",
                "estack": "CypressError: `cy.visit()` failed trying to load:\n\nhttp://localhost:3000/login \n\nWe attempted to make an http request to this URL but the request failed without a response.\n\nWe received this error at the network level:\n\n  > Error: connect ECONNREFUSED 127.0.0.1:3000\n\nCommon situations why this would fail:\n  - you don't have internet access\n  - you forgot to run / boot your web server\n  - your web server isn't accessible\n  - you have weird network configuration settings on your computer\n\nBecause this error occurred during a `before each` hook we are skipping the remaining tests in the current suite: `7 - Salve as informações ca...`\n    at <unknown> (http://localhost:42529/__cypress/runner/cypress_runner.js:130947:74)\n    at visitFailedByErr (http://localhost:42529/__cypress/runner/cypress_runner.js:130339:12)\n    at <unknown> (http://localhost:42529/__cypress/runner/cypress_runner.js:130946:11)\n    at tryCatcher (http://localhost:42529/__cypress/runner/cypress_runner.js:1807:23)\n    at Promise._settlePromiseFromHandler (http://localhost:42529/__cypress/runner/cypress_runner.js:1519:31)\n    at Promise._settlePromise (http://localhost:42529/__cypress/runner/cypress_runner.js:1576:18)\n    at Promise._settlePromise0 (http://localhost:42529/__cypress/runner/cypress_runner.js:1621:10)\n    at Promise._settlePromises (http://localhost:42529/__cypress/runner/cypress_runner.js:1697:18)\n    at _drainQueueStep (http://localhost:42529/__cypress/runner/cypress_runner.js:2407:12)\n    at _drainQueue (http://localhost:42529/__cypress/runner/cypress_runner.js:2400:9)\n    at Async._drainQueues (http://localhost:42529/__cypress/runner/cypress_runner.js:2416:5)\n    at Async.drainQueues (http://localhost:42529/__cypress/runner/cypress_runner.js:2286:14)\nFrom Your Spec Code:\n    at Context.eval (webpack://od-fe-0x-planejamento-financeiro/./cypress/e2e/07.IcomesList.cy.js:10:7)\n\nFrom Node.js Internals:\n  Error: connect ECONNREFUSED 127.0.0.1:3000\n      at TCPConnectWrap.afterConnect [as oncomplete] (node:net:1494:16)",
                "diff": null
              },
              "uuid": "754f6dc5-5467-44f4-b1fc-c6afc1f27fac",
              "parentUUID": "cf0b6b8b-00c0-41fe-9776-fdd2c0751c63",
              "isHook": false,
              "skipped": false
            },
            {
              "title": "Um salário cadastrado é exibido após ser salvo",
              "fullTitle": "7 - Salve as informações calculadas e exiba uma lista com todos os salários Um salário cadastrado é exibido após ser salvo",
              "timedOut": null,
              "duration": 0,
              "state": "skipped",
              "speed": null,
              "pass": false,
              "fail": false,
              "pending": false,
              "context": null,
              "code": "cy.get(\"button\").contains(/Adicionar salário/i).click();\nconst [{\n  grossSalary,\n  deductions,\n  date,\n  dependents\n}] = _constants.INCOMES;\ncy.get(\"input[name='grossSalary']\").clear().type(grossSalary);\ncy.get(\"input[name='deductions']\").clear().type(deductions);\ncy.get(\"input[name='date']\").clear().type(date);\ncy.get(\"input[name='dependents']\").clear().type(dependents);\ncy.get(\"button\").contains(/Calcular/i).click();\ncy.get(\"button\").contains(/Salvar/i).click();\ncy.contains(/R\\$ 7.280,18/i).should(\"exist\");\ncy.contains(/R\\$ 10.500,00/i).should(\"exist\");\ncy.contains(/21\\/12\\/2022/i).should(\"exist\");\ncy.get(\"button\").contains(/Excluir/i).should(\"exist\");",
              "err": {},
              "uuid": "b40e8aaf-30f9-4b85-8e1f-ef57f75e987b",
              "parentUUID": "cf0b6b8b-00c0-41fe-9776-fdd2c0751c63",
              "isHook": false,
              "skipped": true
            },
            {
              "title": "Uma lista de salários é exibida quando mais de um salário é cadastrado",
              "fullTitle": "7 - Salve as informações calculadas e exiba uma lista com todos os salários Uma lista de salários é exibida quando mais de um salário é cadastrado",
              "timedOut": null,
              "duration": 0,
              "state": "skipped",
              "speed": null,
              "pass": false,
              "fail": false,
              "pending": false,
              "context": null,
              "code": "cy.get(\"button\").contains(/Adicionar salário/i).click();\nconst [income1, income2] = _constants.INCOMES;\ncy.get(\"input[name='grossSalary']\").clear().type(income1.grossSalary);\ncy.get(\"input[name='deductions']\").clear().type(income1.deductions);\ncy.get(\"input[name='date']\").clear().type(income1.date);\ncy.get(\"input[name='dependents']\").clear().type(income1.dependents);\ncy.get(\"button\").contains(/Calcular/i).click();\ncy.get(\"button\").contains(/Salvar/i).click();\ncy.get(\"button\").contains(/Adicionar salário/i).click();\ncy.get(\"input[name='grossSalary']\").clear().type(income2.grossSalary);\ncy.get(\"input[name='deductions']\").clear().type(income2.deductions);\ncy.get(\"input[name='date']\").clear().type(income2.date);\ncy.get(\"input[name='dependents']\").clear().type(income2.dependents);\ncy.get(\"button\").contains(/Calcular/i).click();\ncy.get(\"button\").contains(/Salvar/i).click();\n// income1\ncy.contains(/R\\$ 7.280,18/i).should(\"exist\");\ncy.contains(/R\\$ 10.500,00/i).should(\"exist\");\ncy.contains(/21\\/12\\/2022/i).should(\"exist\");\n// income2\ncy.contains(/R\\$ 8.239,99/i).should(\"exist\");\ncy.contains(/R\\$ 12.000,00/i).should(\"exist\");\ncy.contains(/13\\/09\\/2023/i).should(\"exist\");\ncy.get('button:contains(\"Excluir\")').should(\"have.length\", 2);",
              "err": {},
              "uuid": "c05a752b-7f45-4412-9a02-46d92f0063be",
              "parentUUID": "cf0b6b8b-00c0-41fe-9776-fdd2c0751c63",
              "isHook": false,
              "skipped": true
            }
          ],
          "suites": [],
          "passes": [],
          "failures": [
            "754f6dc5-5467-44f4-b1fc-c6afc1f27fac"
          ],
          "pending": [],
          "skipped": [
            "b40e8aaf-30f9-4b85-8e1f-ef57f75e987b",
            "c05a752b-7f45-4412-9a02-46d92f0063be"
          ],
          "duration": 596,
          "root": false,
          "rootEmpty": false,
          "_timeout": 2000
        }
      ],
      "passes": [],
      "failures": [],
      "pending": [],
      "skipped": [],
      "duration": 0,
      "root": true,
      "rootEmpty": true,
      "_timeout": 2000
    }
  ],
  "meta": {
    "mocha": {
      "version": "7.0.1"
    },
    "mochawesome": {
      "options": {
        "quiet": false,
        "reportFilename": "mochawesome",
        "saveHtml": false,
        "saveJson": true,
        "consoleReporter": "spec",
        "useInlineDiffs": false,
        "code": true
      },
      "version": "7.1.3"
    },
    "marge": {
      "options": {
        "id": "default",
        "reportDir": "cypress/reports",
        "overwrite": false,
        "html": false,
        "json": true
      },
      "version": "6.2.0"
    }
  }
}