{
  "stats": {
    "suites": 1,
    "tests": 6,
    "passes": 1,
    "pending": 0,
    "failures": 5,
    "start": "2025-01-22T19:49:03.809Z",
    "end": "2025-01-22T19:50:55.558Z",
    "duration": 111749,
    "testsRegistered": 6,
    "passPercent": 16.666666666666664,
    "pendingPercent": 0,
    "other": 0,
    "hasOther": false,
    "skipped": 0,
    "hasSkipped": false
  },
  "results": [
    {
      "uuid": "5268ca35-995e-4ca1-9625-5f72902974da",
      "title": "",
      "fullFile": "cypress/e2e/01.LoginPage.cy.js",
      "file": "cypress/e2e/01.LoginPage.cy.js",
      "beforeHooks": [],
      "afterHooks": [],
      "tests": [],
      "suites": [
        {
          "uuid": "fa9095ff-d755-4ecf-bf69-e87e569fe553",
          "title": "1 - Crie uma página inicial de login com os seguintes campos e características",
          "fullFile": "",
          "file": "",
          "beforeHooks": [],
          "afterHooks": [],
          "tests": [
            {
              "title": "A rota para a página deve ser `/login`",
              "fullTitle": "1 - Crie uma página inicial de login com os seguintes campos e características A rota para a página deve ser `/login`",
              "timedOut": null,
              "duration": 709,
              "state": "passed",
              "speed": "fast",
              "pass": true,
              "fail": false,
              "pending": false,
              "context": null,
              "code": "cy.location('pathname').should('eq', '/login');",
              "err": {},
              "uuid": "01940381-5f07-40cb-ba0c-f8cecde122bc",
              "parentUUID": "fa9095ff-d755-4ecf-bf69-e87e569fe553",
              "isHook": false,
              "skipped": false
            },
            {
              "title": "Existe um formulário com campo `email`, campo `password` e botão `enviar`",
              "fullTitle": "1 - Crie uma página inicial de login com os seguintes campos e características Existe um formulário com campo `email`, campo `password` e botão `enviar`",
              "timedOut": null,
              "duration": 20350,
              "state": "failed",
              "speed": null,
              "pass": false,
              "fail": true,
              "pending": false,
              "context": null,
              "code": "cy.get(`input[name=email]`).should('exist');\ncy.get(\"input[name=password]\").should('exist');\ncy.contains(/Entrar/i).should('exist').should(\"be.disabled\");",
              "err": {
                "message": "AssertionError: Timed out retrying after 20000ms: expected '<h2>' to be 'disabled'",
                "estack": "AssertionError: Timed out retrying after 20000ms: expected '<h2>' to be 'disabled'\n    at Context.eval (webpack://od-fe-0x-planejamento-financeiro/./cypress/e2e/01.LoginPage.cy.js:20:43)",
                "diff": null
              },
              "uuid": "e24c5741-57f8-4d8f-bd08-60c6efd4d481",
              "parentUUID": "fa9095ff-d755-4ecf-bf69-e87e569fe553",
              "isHook": false,
              "skipped": false
            },
            {
              "title": "O botão `enviar` deve estar desabilitado caso o campo `email` não seja preenchido com um formato de email válido",
              "fullTitle": "1 - Crie uma página inicial de login com os seguintes campos e características O botão `enviar` deve estar desabilitado caso o campo `email` não seja preenchido com um formato de email válido",
              "timedOut": null,
              "duration": 26060,
              "state": "failed",
              "speed": null,
              "pass": false,
              "fail": true,
              "pending": false,
              "context": null,
              "code": "cy.get(\"input[name=email]\").clear().type(\"formato@invalido\");\ncy.get(\"input[name=password]\").type(\"WrongPassword\");\ncy.contains(/Entrar/i).should(\"be.disabled\");\ncy.get(\"input[name=email]\").clear().type(\"formato@valido.com\");\ncy.contains(/Entrar/i).should(\"be.enabled\");",
              "err": {
                "message": "AssertionError: Timed out retrying after 20000ms: expected '<h2>' to be 'disabled'",
                "estack": "AssertionError: Timed out retrying after 20000ms: expected '<h2>' to be 'disabled'\n    at Context.eval (webpack://od-fe-0x-planejamento-financeiro/./cypress/e2e/01.LoginPage.cy.js:27:27)",
                "diff": null
              },
              "uuid": "ebc0c29e-a6ee-436b-b72a-f1704ff00d6e",
              "parentUUID": "fa9095ff-d755-4ecf-bf69-e87e569fe553",
              "isHook": false,
              "skipped": false
            },
            {
              "title": "Uma mensagem de erro é exibida ao tentar fazer login com um email não cadastrado",
              "fullTitle": "1 - Crie uma página inicial de login com os seguintes campos e características Uma mensagem de erro é exibida ao tentar fazer login com um email não cadastrado",
              "timedOut": null,
              "duration": 20801,
              "state": "failed",
              "speed": null,
              "pass": false,
              "fail": true,
              "pending": false,
              "context": null,
              "code": "cy.get(\"input[name=email]\").type(\"email@naocadastrado.com\");\ncy.get(\"input[name=password]\").type(\"mudar123\");\ncy.contains(/Entrar/i).click();\ncy.contains(/Erro ao fazer login/i).should('exist');",
              "err": {
                "message": "AssertionError: Timed out retrying after 20000ms: Expected to find content: '/Erro ao fazer login/i' but never did.",
                "estack": "AssertionError: Timed out retrying after 20000ms: Expected to find content: '/Erro ao fazer login/i' but never did.\n    at Context.eval (webpack://od-fe-0x-planejamento-financeiro/./cypress/e2e/01.LoginPage.cy.js:39:40)",
                "diff": null
              },
              "uuid": "9e23d2c7-6603-4cea-870b-192c10fdf32f",
              "parentUUID": "fa9095ff-d755-4ecf-bf69-e87e569fe553",
              "isHook": false,
              "skipped": false
            },
            {
              "title": "Uma mensagem de erro é exibida ao tentar fazer login com a senha errada",
              "fullTitle": "1 - Crie uma página inicial de login com os seguintes campos e características Uma mensagem de erro é exibida ao tentar fazer login com a senha errada",
              "timedOut": null,
              "duration": 20706,
              "state": "failed",
              "speed": null,
              "pass": false,
              "fail": true,
              "pending": false,
              "context": null,
              "code": "cy.get(\"input[name=email]\").type(_constants.USER_EMAIL);\ncy.get(\"input[name=password]\").type(\"WrongPassword\");\ncy.contains(/Entrar/i).click();\ncy.contains(/Erro ao fazer login/i).should('exist');",
              "err": {
                "message": "AssertionError: Timed out retrying after 20000ms: Expected to find content: '/Erro ao fazer login/i' but never did.",
                "estack": "AssertionError: Timed out retrying after 20000ms: Expected to find content: '/Erro ao fazer login/i' but never did.\n    at Context.eval (webpack://od-fe-0x-planejamento-financeiro/./cypress/e2e/01.LoginPage.cy.js:46:40)",
                "diff": null
              },
              "uuid": "a082b24f-47ff-44e7-932b-1ced2319bb22",
              "parentUUID": "fa9095ff-d755-4ecf-bf69-e87e569fe553",
              "isHook": false,
              "skipped": false
            },
            {
              "title": "A pessoa é redirecionada para a rota `/` quando o login é feito com sucesso ao usar login e senha corretos",
              "fullTitle": "1 - Crie uma página inicial de login com os seguintes campos e características A pessoa é redirecionada para a rota `/` quando o login é feito com sucesso ao usar login e senha corretos",
              "timedOut": null,
              "duration": 20743,
              "state": "failed",
              "speed": null,
              "pass": false,
              "fail": true,
              "pending": false,
              "context": null,
              "code": "cy.get(\"input[name=email]\").type(_constants.USER_EMAIL);\ncy.get(\"input[name=password]\").type(_constants.USER_PASSWORD);\ncy.contains(/Entrar/i).click();\ncy.location('pathname').should('eq', '/');",
              "err": {
                "message": "AssertionError: Timed out retrying after 20000ms: expected '/login' to equal '/'",
                "estack": "AssertionError: Timed out retrying after 20000ms: expected '/login' to equal '/'\n    at Context.eval (webpack://od-fe-0x-planejamento-financeiro/./cypress/e2e/01.LoginPage.cy.js:53:28)",
                "diff": "- '/login'\n+ '/'\n"
              },
              "uuid": "412be2aa-999c-4b75-9216-d27e3e02a41d",
              "parentUUID": "fa9095ff-d755-4ecf-bf69-e87e569fe553",
              "isHook": false,
              "skipped": false
            }
          ],
          "suites": [],
          "passes": [
            "01940381-5f07-40cb-ba0c-f8cecde122bc"
          ],
          "failures": [
            "e24c5741-57f8-4d8f-bd08-60c6efd4d481",
            "ebc0c29e-a6ee-436b-b72a-f1704ff00d6e",
            "9e23d2c7-6603-4cea-870b-192c10fdf32f",
            "a082b24f-47ff-44e7-932b-1ced2319bb22",
            "412be2aa-999c-4b75-9216-d27e3e02a41d"
          ],
          "pending": [],
          "skipped": [],
          "duration": 109369,
          "root": false,
          "rootEmpty": false,
          "_timeout": 2000
        }
      ],
      "passes": [],
      "failures": [],
      "pending": [],
      "skipped": [],
      "duration": 0,
      "root": true,
      "rootEmpty": true,
      "_timeout": 2000
    }
  ],
  "meta": {
    "mocha": {
      "version": "7.0.1"
    },
    "mochawesome": {
      "options": {
        "quiet": false,
        "reportFilename": "mochawesome",
        "saveHtml": false,
        "saveJson": true,
        "consoleReporter": "spec",
        "useInlineDiffs": false,
        "code": true
      },
      "version": "7.1.3"
    },
    "marge": {
      "options": {
        "id": "default",
        "reportDir": "cypress/reports",
        "overwrite": false,
        "html": false,
        "json": true
      },
      "version": "6.2.0"
    }
  }
}