{
  "stats": {
    "suites": 1,
    "tests": 2,
    "passes": 0,
    "pending": 0,
    "failures": 2,
    "start": "2025-01-20T20:08:21.215Z",
    "end": "2025-01-20T20:08:48.504Z",
    "duration": 27289,
    "testsRegistered": 10,
    "passPercent": 0,
    "pendingPercent": 0,
    "other": -1,
    "hasOther": false,
    "skipped": 9,
    "hasSkipped": true
  },
  "results": [
    {
      "uuid": "8583e5ad-c2bc-4316-88d7-5fa04931f8ae",
      "title": "",
      "fullFile": "cypress/e2e/05.IncomeForm.cy.js",
      "file": "cypress/e2e/05.IncomeForm.cy.js",
      "beforeHooks": [],
      "afterHooks": [],
      "tests": [],
      "suites": [
        {
          "uuid": "bfef4852-88c9-49ad-9d5a-8abc1bd83204",
          "title": "5 - Desenvolva o formulário para adicionar um novo salário",
          "fullFile": "",
          "file": "",
          "beforeHooks": [],
          "afterHooks": [],
          "tests": [
            {
              "title": "O formulário é exibido ao clicar no botão `Adicionar salário`",
              "fullTitle": "5 - Desenvolva o formulário para adicionar um novo salário O formulário é exibido ao clicar no botão `Adicionar salário`",
              "timedOut": null,
              "duration": 23564,
              "state": "failed",
              "speed": null,
              "pass": false,
              "fail": true,
              "pending": false,
              "context": null,
              "code": "cy.contains(/Adicione um novo salário/i).should(\"not.exist\");\ncy.get(\"button\").contains(/Adicionar salário/i).click();\ncy.contains(/Adicione um novo salário/i).should(\"exist\");",
              "err": {
                "message": "AssertionError: Timed out retrying after 20000ms: Expected to find element: `a[href='/salarios']`, but never found it.\n\nBecause this error occurred during a `before each` hook we are skipping the remaining tests in the current suite: `5 - Desenvolva o formulário...`",
                "estack": "AssertionError: Timed out retrying after 20000ms: Expected to find element: `a[href='/salarios']`, but never found it.\n\nBecause this error occurred during a `before each` hook we are skipping the remaining tests in the current suite: `5 - Desenvolva o formulário...`\n    at Context.eval (webpack://od-fe-0x-planejamento-financeiro/./cypress/e2e/05.IncomeForm.cy.js:10:7)",
                "diff": null
              },
              "uuid": "4789e998-c3a5-4187-a0f9-d2353e8cccc4",
              "parentUUID": "bfef4852-88c9-49ad-9d5a-8abc1bd83204",
              "isHook": false,
              "skipped": false
            },
            {
              "title": "O formulário deixa de ser exibido ao clicar no botão `Cancelar`",
              "fullTitle": "5 - Desenvolva o formulário para adicionar um novo salário O formulário deixa de ser exibido ao clicar no botão `Cancelar`",
              "timedOut": null,
              "duration": 0,
              "state": "skipped",
              "speed": null,
              "pass": false,
              "fail": false,
              "pending": false,
              "context": null,
              "code": "cy.contains(/Adicione um novo salário/i).should(\"not.exist\");\ncy.get(\"button\").contains(/Adicionar salário/i).click();\ncy.contains(/Adicione um novo salário/i).should(\"exist\");\ncy.get(\"button\").contains(/Cancelar/i).click();\ncy.contains(/Adicione um novo salário/i).should(\"not.exist\");",
              "err": {},
              "uuid": "bba05601-5d16-48a6-9bbc-2763d2d2cbc0",
              "parentUUID": "bfef4852-88c9-49ad-9d5a-8abc1bd83204",
              "isHook": false,
              "skipped": true
            },
            {
              "title": "O formulário possui a estrutura pedida",
              "fullTitle": "5 - Desenvolva o formulário para adicionar um novo salário O formulário possui a estrutura pedida",
              "timedOut": null,
              "duration": 0,
              "state": "skipped",
              "speed": null,
              "pass": false,
              "fail": false,
              "pending": false,
              "context": null,
              "code": "cy.get(\"button\").contains(/Adicionar salário/i).click();\ncy.get(\"input[name='grossSalary']\").should(\"exist\");\ncy.get(\"input[name='deductions']\").should(\"exist\");\ncy.get(\"input[name='date']\").should(\"exist\");\ncy.get(\"input[name='dependents']\").should(\"exist\");\ncy.get(\"button\").contains(/Calcular/i).should(\"exist\");\ncy.get(\"button\").contains(/Cancelar/i).should(\"exist\");",
              "err": {},
              "uuid": "2c13121e-a084-4adb-92ca-52b979a29300",
              "parentUUID": "bfef4852-88c9-49ad-9d5a-8abc1bd83204",
              "isHook": false,
              "skipped": true
            },
            {
              "title": "O campo date deve possuir o atributo `type` com o valor `date`",
              "fullTitle": "5 - Desenvolva o formulário para adicionar um novo salário O campo date deve possuir o atributo `type` com o valor `date`",
              "timedOut": null,
              "duration": 0,
              "state": "skipped",
              "speed": null,
              "pass": false,
              "fail": false,
              "pending": false,
              "context": null,
              "code": "cy.get(\"button\").contains(/Adicionar salário/i).click();\ncy.get(\"input[name='date']\").should(\"have.attr\", \"type\", \"date\");",
              "err": {},
              "uuid": "30efea7e-888a-4463-ad4d-a506ba52deb8",
              "parentUUID": "bfef4852-88c9-49ad-9d5a-8abc1bd83204",
              "isHook": false,
              "skipped": true
            },
            {
              "title": "O botão `Calcular` começa desabilitado quando o formulário é exibido",
              "fullTitle": "5 - Desenvolva o formulário para adicionar um novo salário O botão `Calcular` começa desabilitado quando o formulário é exibido",
              "timedOut": null,
              "duration": 0,
              "state": "skipped",
              "speed": null,
              "pass": false,
              "fail": false,
              "pending": false,
              "context": null,
              "code": "cy.get(\"button\").contains(/Adicionar salário/i).click();\ncy.get(\"button\").contains(/Calcular/i).should(\"be.disabled\");",
              "err": {},
              "uuid": "fa9cbdbd-59de-4714-9295-7b4b8d517db7",
              "parentUUID": "bfef4852-88c9-49ad-9d5a-8abc1bd83204",
              "isHook": false,
              "skipped": true
            },
            {
              "title": "O botão `Calcular` permanece desabilitado quando o campo `grossSalary` não é preenchido corretamente",
              "fullTitle": "5 - Desenvolva o formulário para adicionar um novo salário O botão `Calcular` permanece desabilitado quando o campo `grossSalary` não é preenchido corretamente",
              "timedOut": null,
              "duration": 0,
              "state": "skipped",
              "speed": null,
              "pass": false,
              "fail": false,
              "pending": false,
              "context": null,
              "code": "cy.get(\"button\").contains(/Adicionar salário/i).click();\ncy.get(\"input[name='deductions']\").clear().type(\"150\");\ncy.get(\"input[name='date']\").clear().type(\"2022-12-21\");\ncy.get(\"input[name='dependents']\").clear().type(\"1\");\ncy.get(\"input[name='grossSalary']\").clear().type(\"0\");\ncy.get(\"button\").contains(/Calcular/i).should(\"be.disabled\");\ncy.get(\"input[name='grossSalary']\").clear().type(\"1500\");\ncy.get(\"button\").contains(/Calcular/i).should(\"be.enabled\");",
              "err": {},
              "uuid": "c174c5de-a4ea-4941-940b-228c4f38132b",
              "parentUUID": "bfef4852-88c9-49ad-9d5a-8abc1bd83204",
              "isHook": false,
              "skipped": true
            },
            {
              "title": "O botão `Calcular` permanece desabilitado quando o campo `dependents` não é preenchido corretamente",
              "fullTitle": "5 - Desenvolva o formulário para adicionar um novo salário O botão `Calcular` permanece desabilitado quando o campo `dependents` não é preenchido corretamente",
              "timedOut": null,
              "duration": 0,
              "state": "skipped",
              "speed": null,
              "pass": false,
              "fail": false,
              "pending": false,
              "context": null,
              "code": "cy.get(\"button\").contains(/Adicionar salário/i).click();\ncy.get(\"input[name='grossSalary']\").clear().type(\"1500\");\ncy.get(\"input[name='deductions']\").clear().type(\"150\");\ncy.get(\"input[name='date']\").clear().type(\"2022-12-21\");\ncy.get(\"input[name='dependents']\").clear().type(\"-1\");\ncy.get(\"button\").contains(/Calcular/i).should(\"be.disabled\");\ncy.get(\"input[name='dependents']\").clear().type(\"0\");\ncy.get(\"button\").contains(/Calcular/i).should(\"be.enabled\");\ncy.get(\"input[name='dependents']\").clear().type(\"1\");\ncy.get(\"button\").contains(/Calcular/i).should(\"be.enabled\");",
              "err": {},
              "uuid": "6e19414b-4c47-48aa-ad7f-9530cd13b397",
              "parentUUID": "bfef4852-88c9-49ad-9d5a-8abc1bd83204",
              "isHook": false,
              "skipped": true
            },
            {
              "title": "O botão `Calcular` permanece desabilitado quando o campo `date` não é preenchido corretamente",
              "fullTitle": "5 - Desenvolva o formulário para adicionar um novo salário O botão `Calcular` permanece desabilitado quando o campo `date` não é preenchido corretamente",
              "timedOut": null,
              "duration": 0,
              "state": "skipped",
              "speed": null,
              "pass": false,
              "fail": false,
              "pending": false,
              "context": null,
              "code": "cy.get(\"button\").contains(/Adicionar salário/i).click();\ncy.get(\"input[name='grossSalary']\").clear().type(\"1500\");\ncy.get(\"input[name='deductions']\").clear().type(\"150\");\ncy.get(\"input[name='dependents']\").clear().type(\"1\");\ncy.get(\"button\").contains(/Calcular/i).should(\"be.disabled\");\ncy.get(\"input[name='date']\").clear().type(\"2022-12-21\");\ncy.get(\"button\").contains(/Calcular/i).should(\"be.enabled\");",
              "err": {},
              "uuid": "42a225f3-dc6f-4f40-830b-6aed05ec987f",
              "parentUUID": "bfef4852-88c9-49ad-9d5a-8abc1bd83204",
              "isHook": false,
              "skipped": true
            },
            {
              "title": "O botão `Calcular` permanece desabilitado quando o campo `deductions` não é preenchido corretamente",
              "fullTitle": "5 - Desenvolva o formulário para adicionar um novo salário O botão `Calcular` permanece desabilitado quando o campo `deductions` não é preenchido corretamente",
              "timedOut": null,
              "duration": 0,
              "state": "skipped",
              "speed": null,
              "pass": false,
              "fail": false,
              "pending": false,
              "context": null,
              "code": "cy.get(\"button\").contains(/Adicionar salário/i).click();\ncy.get(\"input[name='grossSalary']\").clear().type(\"1500\");\ncy.get(\"input[name='date']\").clear().type(\"2022-12-21\");\ncy.get(\"input[name='dependents']\").clear().type(\"1\");\ncy.get(\"input[name='deductions']\").clear().type(\"-1\");\ncy.get(\"button\").contains(/Calcular/i).should(\"be.disabled\");\ncy.get(\"input[name='deductions']\").clear().type(\"0\");\ncy.get(\"button\").contains(/Calcular/i).should(\"be.enabled\");\ncy.get(\"input[name='deductions']\").clear().type(\"150\");\ncy.get(\"button\").contains(/Calcular/i).should(\"be.enabled\");",
              "err": {},
              "uuid": "018c7bcc-6e24-4e24-9b75-f92ba2a623de",
              "parentUUID": "bfef4852-88c9-49ad-9d5a-8abc1bd83204",
              "isHook": false,
              "skipped": true
            },
            {
              "title": "O botão `Calcular` é habilitado quando todos os campos são preenchidos corretamente",
              "fullTitle": "5 - Desenvolva o formulário para adicionar um novo salário O botão `Calcular` é habilitado quando todos os campos são preenchidos corretamente",
              "timedOut": null,
              "duration": 0,
              "state": "skipped",
              "speed": null,
              "pass": false,
              "fail": false,
              "pending": false,
              "context": null,
              "code": "cy.get(\"button\").contains(/Adicionar salário/i).click();\ncy.get(\"input[name='grossSalary']\").clear().type(\"1500\");\ncy.get(\"input[name='deductions']\").clear().type(\"150\");\ncy.get(\"input[name='date']\").clear().type(\"2022-12-21\");\ncy.get(\"input[name='dependents']\").clear().type(\"1\");\ncy.get(\"button\").contains(/Calcular/i).should(\"be.enabled\");",
              "err": {},
              "uuid": "67bda0fe-3b17-480f-83fd-b51ad67b5dfd",
              "parentUUID": "bfef4852-88c9-49ad-9d5a-8abc1bd83204",
              "isHook": false,
              "skipped": true
            }
          ],
          "suites": [],
          "passes": [],
          "failures": [
            "4789e998-c3a5-4187-a0f9-d2353e8cccc4"
          ],
          "pending": [],
          "skipped": [
            "bba05601-5d16-48a6-9bbc-2763d2d2cbc0",
            "2c13121e-a084-4adb-92ca-52b979a29300",
            "30efea7e-888a-4463-ad4d-a506ba52deb8",
            "fa9cbdbd-59de-4714-9295-7b4b8d517db7",
            "c174c5de-a4ea-4941-940b-228c4f38132b",
            "6e19414b-4c47-48aa-ad7f-9530cd13b397",
            "42a225f3-dc6f-4f40-830b-6aed05ec987f",
            "018c7bcc-6e24-4e24-9b75-f92ba2a623de",
            "67bda0fe-3b17-480f-83fd-b51ad67b5dfd"
          ],
          "duration": 23564,
          "root": false,
          "rootEmpty": false,
          "_timeout": 2000
        }
      ],
      "passes": [],
      "failures": [],
      "pending": [],
      "skipped": [],
      "duration": 0,
      "root": true,
      "rootEmpty": true,
      "_timeout": 2000
    }
  ],
  "meta": {
    "mocha": {
      "version": "7.0.1"
    },
    "mochawesome": {
      "options": {
        "quiet": false,
        "reportFilename": "mochawesome",
        "saveHtml": false,
        "saveJson": true,
        "consoleReporter": "spec",
        "useInlineDiffs": false,
        "code": true
      },
      "version": "7.1.3"
    },
    "marge": {
      "options": {
        "id": "default",
        "reportDir": "cypress/reports",
        "overwrite": false,
        "html": false,
        "json": true
      },
      "version": "6.2.0"
    }
  }
}