{
  "stats": {
    "suites": 1,
    "tests": 3,
    "passes": 0,
    "pending": 0,
    "failures": 3,
    "start": "2025-01-22T21:27:45.347Z",
    "end": "2025-01-22T21:28:52.144Z",
    "duration": 66797,
    "testsRegistered": 3,
    "passPercent": 0,
    "pendingPercent": 0,
    "other": 0,
    "hasOther": false,
    "skipped": 0,
    "hasSkipped": false
  },
  "results": [
    {
      "uuid": "25cdc39d-18c7-488b-a5ba-2773d2cc3d55",
      "title": "",
      "fullFile": "cypress/e2e/03.HomePage.cy.js",
      "file": "cypress/e2e/03.HomePage.cy.js",
      "beforeHooks": [],
      "afterHooks": [],
      "tests": [],
      "suites": [
        {
          "uuid": "8e070eb5-f17c-4aad-8186-38c71a0922ff",
          "title": "3 - Crie os elementos da página Home",
          "fullFile": "",
          "file": "",
          "beforeHooks": [],
          "afterHooks": [],
          "tests": [
            {
              "title": "A página deve conter o texto do banner",
              "fullTitle": "3 - Crie os elementos da página Home A página deve conter o texto do banner",
              "timedOut": null,
              "duration": 21167,
              "state": "failed",
              "speed": null,
              "pass": false,
              "fail": true,
              "pending": false,
              "context": null,
              "code": "cy.contains(/Chegou a hora de organizar suas finanças pessoais!/i).should(\"exist\");",
              "err": {
                "message": "AssertionError: Timed out retrying after 20000ms: Expected to find content: '/Chegou a hora de organizar suas finanças pessoais!/i' but never did.",
                "estack": "AssertionError: Timed out retrying after 20000ms: Expected to find content: '/Chegou a hora de organizar suas finanças pessoais!/i' but never did.\n    at Context.eval (webpack://od-fe-0x-planejamento-financeiro/./cypress/e2e/03.HomePage.cy.js:15:71)",
                "diff": null
              },
              "uuid": "ab4bfb66-e0a2-4222-b362-1d8ff8e45342",
              "parentUUID": "8e070eb5-f17c-4aad-8186-38c71a0922ff",
              "isHook": false,
              "skipped": false
            },
            {
              "title": "A página deve conter um link que redireciona para página `/salarios`",
              "fullTitle": "3 - Crie os elementos da página Home A página deve conter um link que redireciona para página `/salarios`",
              "timedOut": null,
              "duration": 22285,
              "state": "failed",
              "speed": null,
              "pass": false,
              "fail": true,
              "pending": false,
              "context": null,
              "code": "cy.get(\"a[href='/salarios']\").click();\ncy.location(\"pathname\").should(\"eq\", \"/salarios\");",
              "err": {
                "message": "AssertionError: Timed out retrying after 20000ms: Expected to find element: `a[href='/salarios']`, but never found it.",
                "estack": "AssertionError: Timed out retrying after 20000ms: Expected to find element: `a[href='/salarios']`, but never found it.\n    at Context.eval (webpack://od-fe-0x-planejamento-financeiro/./cypress/e2e/03.HomePage.cy.js:21:7)",
                "diff": null
              },
              "uuid": "07f08dc0-2eea-489d-9fe4-ccec53d1f002",
              "parentUUID": "8e070eb5-f17c-4aad-8186-38c71a0922ff",
              "isHook": false,
              "skipped": false
            },
            {
              "title": "A página deve conter um link que redireciona para página `/orcamento`",
              "fullTitle": "3 - Crie os elementos da página Home A página deve conter um link que redireciona para página `/orcamento`",
              "timedOut": null,
              "duration": 20799,
              "state": "failed",
              "speed": null,
              "pass": false,
              "fail": true,
              "pending": false,
              "context": null,
              "code": "cy.get(\"a[href='/orcamento']\").click();\ncy.location(\"pathname\").should(\"eq\", \"/orcamento\");",
              "err": {
                "message": "AssertionError: Timed out retrying after 20000ms: Expected to find element: `a[href='/orcamento']`, but never found it.",
                "estack": "AssertionError: Timed out retrying after 20000ms: Expected to find element: `a[href='/orcamento']`, but never found it.\n    at Context.eval (webpack://od-fe-0x-planejamento-financeiro/./cypress/e2e/03.HomePage.cy.js:26:7)",
                "diff": null
              },
              "uuid": "31c7a75c-82e8-4549-a91d-88332998e51c",
              "parentUUID": "8e070eb5-f17c-4aad-8186-38c71a0922ff",
              "isHook": false,
              "skipped": false
            }
          ],
          "suites": [],
          "passes": [],
          "failures": [
            "ab4bfb66-e0a2-4222-b362-1d8ff8e45342",
            "07f08dc0-2eea-489d-9fe4-ccec53d1f002",
            "31c7a75c-82e8-4549-a91d-88332998e51c"
          ],
          "pending": [],
          "skipped": [],
          "duration": 64251,
          "root": false,
          "rootEmpty": false,
          "_timeout": 2000
        }
      ],
      "passes": [],
      "failures": [],
      "pending": [],
      "skipped": [],
      "duration": 0,
      "root": true,
      "rootEmpty": true,
      "_timeout": 2000
    }
  ],
  "meta": {
    "mocha": {
      "version": "7.0.1"
    },
    "mochawesome": {
      "options": {
        "quiet": false,
        "reportFilename": "mochawesome",
        "saveHtml": false,
        "saveJson": true,
        "consoleReporter": "spec",
        "useInlineDiffs": false,
        "code": true
      },
      "version": "7.1.3"
    },
    "marge": {
      "options": {
        "id": "default",
        "reportDir": "cypress/reports",
        "overwrite": false,
        "html": false,
        "json": true
      },
      "version": "6.2.0"
    }
  }
}