{
  "stats": {
    "suites": 1,
    "tests": 2,
    "passes": 1,
    "pending": 0,
    "failures": 1,
    "start": "2025-01-22T21:27:04.964Z",
    "end": "2025-01-22T21:27:32.095Z",
    "duration": 27131,
    "testsRegistered": 2,
    "passPercent": 50,
    "pendingPercent": 0,
    "other": 0,
    "hasOther": false,
    "skipped": 0,
    "hasSkipped": false
  },
  "results": [
    {
      "uuid": "e7e22e7f-e711-45cf-be31-086ccbd1aedc",
      "title": "",
      "fullFile": "cypress/e2e/02.ProtectedRoute.cy.js",
      "file": "cypress/e2e/02.ProtectedRoute.cy.js",
      "beforeHooks": [],
      "afterHooks": [],
      "tests": [],
      "suites": [
        {
          "uuid": "9b103f63-e5fe-493e-a7a7-fa4d22bebe40",
          "title": "2 - Faça o controle de navegação das rotas",
          "fullFile": "",
          "file": "",
          "beforeHooks": [],
          "afterHooks": [],
          "tests": [
            {
              "title": "Caso a pessoa não esteja logada ao acessar a rota `/`, ela deve ser redirecionada para `/login`",
              "fullTitle": "2 - Faça o controle de navegação das rotas Caso a pessoa não esteja logada ao acessar a rota `/`, ela deve ser redirecionada para `/login`",
              "timedOut": null,
              "duration": 680,
              "state": "passed",
              "speed": "fast",
              "pass": true,
              "fail": false,
              "pending": false,
              "context": null,
              "code": "cy.visit(\"http://localhost:3000/\");\ncy.location(\"pathname\").should(\"eq\", \"/login\");",
              "err": {},
              "uuid": "d5922f3c-8d80-443d-893e-e6db5f80de7a",
              "parentUUID": "9b103f63-e5fe-493e-a7a7-fa4d22bebe40",
              "isHook": false,
              "skipped": false
            },
            {
              "title": "Caso a pessoa já esteja logada ao acessar a rota `/login`, ela deve ser redirecionada para a rota `/`",
              "fullTitle": "2 - Faça o controle de navegação das rotas Caso a pessoa já esteja logada ao acessar a rota `/login`, ela deve ser redirecionada para a rota `/`",
              "timedOut": null,
              "duration": 24194,
              "state": "failed",
              "speed": null,
              "pass": false,
              "fail": true,
              "pending": false,
              "context": null,
              "code": "cy.visit(\"http://localhost:3000/login\");\n(0, _helperFunctions.logInWithValidCredentials)();\ncy.location(\"pathname\").should(\"eq\", \"/\");\ncy.visit(\"http://localhost:3000/login \");\ncy.location(\"pathname\").should(\"eq\", \"/\");",
              "err": {
                "message": "AssertionError: Timed out retrying after 20000ms: expected '/login' to equal '/'",
                "estack": "AssertionError: Timed out retrying after 20000ms: expected '/login' to equal '/'\n    at Context.eval (webpack://od-fe-0x-planejamento-financeiro/./cypress/e2e/02.ProtectedRoute.cy.js:20:28)",
                "diff": "- '/login'\n+ '/'\n"
              },
              "uuid": "1de48623-a731-4c6b-a46d-2bb4a9dfdb27",
              "parentUUID": "9b103f63-e5fe-493e-a7a7-fa4d22bebe40",
              "isHook": false,
              "skipped": false
            }
          ],
          "suites": [],
          "passes": [
            "d5922f3c-8d80-443d-893e-e6db5f80de7a"
          ],
          "failures": [
            "1de48623-a731-4c6b-a46d-2bb4a9dfdb27"
          ],
          "pending": [],
          "skipped": [],
          "duration": 24874,
          "root": false,
          "rootEmpty": false,
          "_timeout": 2000
        }
      ],
      "passes": [],
      "failures": [],
      "pending": [],
      "skipped": [],
      "duration": 0,
      "root": true,
      "rootEmpty": true,
      "_timeout": 2000
    }
  ],
  "meta": {
    "mocha": {
      "version": "7.0.1"
    },
    "mochawesome": {
      "options": {
        "quiet": false,
        "reportFilename": "mochawesome",
        "saveHtml": false,
        "saveJson": true,
        "consoleReporter": "spec",
        "useInlineDiffs": false,
        "code": true
      },
      "version": "7.1.3"
    },
    "marge": {
      "options": {
        "id": "default",
        "reportDir": "cypress/reports",
        "overwrite": false,
        "html": false,
        "json": true
      },
      "version": "6.2.0"
    }
  }
}