{
  "stats": {
    "suites": 1,
    "tests": 2,
    "passes": 0,
    "pending": 0,
    "failures": 2,
    "start": "2025-01-22T19:36:09.397Z",
    "end": "2025-01-22T19:36:56.540Z",
    "duration": 47143,
    "testsRegistered": 2,
    "passPercent": 0,
    "pendingPercent": 0,
    "other": 0,
    "hasOther": false,
    "skipped": 0,
    "hasSkipped": false
  },
  "results": [
    {
      "uuid": "9ec65576-39f0-442a-84f5-dd39ce94387d",
      "title": "",
      "fullFile": "cypress/e2e/06.NetIncomeCalc.cy.js",
      "file": "cypress/e2e/06.NetIncomeCalc.cy.js",
      "beforeHooks": [],
      "afterHooks": [],
      "tests": [],
      "suites": [
        {
          "uuid": "8d3cd1df-a278-47b2-8cc7-5312d6ac35d2",
          "title": "6 - Exiba as informações calculadas sobre salário líquido",
          "fullFile": "",
          "file": "",
          "beforeHooks": [],
          "afterHooks": [],
          "tests": [
            {
              "title": "O salário líquido é calculado e exibido corretamente",
              "fullTitle": "6 - Exiba as informações calculadas sobre salário líquido O salário líquido é calculado e exibido corretamente",
              "timedOut": null,
              "duration": 21139,
              "state": "failed",
              "speed": null,
              "pass": false,
              "fail": true,
              "pending": false,
              "context": null,
              "code": "cy.get(\"a[href='/salarios']\").click();\ncy.get(\"button\").contains(/Adicionar salário/i).click();\ncy.get(\"input[name='grossSalary']\").clear().type(\"10500\");\ncy.get(\"input[name='deductions']\").clear().type(\"150\");\ncy.get(\"input[name='date']\").clear().type(\"2022-12-21\");\ncy.get(\"input[name='dependents']\").clear().type(\"1\");\ncy.get(\"button\").contains(/Calcular/i).click();\ncy.contains(/R\\$ 7.280,18/i).should(\"exist\");\ncy.contains(/R\\$ 10.500,00/i).should(\"exist\");\ncy.contains(/R\\$ 1.522,50/i).should(\"exist\");\ncy.contains(/R\\$ 1.547,32/i).should(\"exist\");\ncy.contains(/R\\$ 150,00/i).should(\"exist\");\ncy.get(\"button\").contains(/Editar/i).should(\"exist\");\ncy.get(\"button\").contains(/Salvar/i).should(\"exist\");\ncy.get(\"button\").contains(/Calcular/i).should(\"not.exist\");",
              "err": {
                "message": "AssertionError: Timed out retrying after 20000ms: Expected to find element: `a[href='/salarios']`, but never found it.",
                "estack": "AssertionError: Timed out retrying after 20000ms: Expected to find element: `a[href='/salarios']`, but never found it.\n    at Context.eval (webpack://od-fe-0x-planejamento-financeiro/./cypress/e2e/06.NetIncomeCalc.cy.js:15:7)",
                "diff": null
              },
              "uuid": "0d2c9ca3-3926-43e5-89cc-db0d1f62ab9f",
              "parentUUID": "8d3cd1df-a278-47b2-8cc7-5312d6ac35d2",
              "isHook": false,
              "skipped": false
            },
            {
              "title": "Ao clicar no botão `Editar`, as informações calculadas deixam de ser exibidas e o formulário é exibido novamente",
              "fullTitle": "6 - Exiba as informações calculadas sobre salário líquido Ao clicar no botão `Editar`, as informações calculadas deixam de ser exibidas e o formulário é exibido novamente",
              "timedOut": null,
              "duration": 24057,
              "state": "failed",
              "speed": null,
              "pass": false,
              "fail": true,
              "pending": false,
              "context": null,
              "code": "cy.get(\"a[href='/salarios']\").click();\ncy.get(\"button\").contains(/Adicionar salário/i).click();\ncy.get(\"input[name='grossSalary']\").clear().type(\"10500\");\ncy.get(\"input[name='deductions']\").clear().type(\"150\");\ncy.get(\"input[name='date']\").clear().type(\"2022-12-21\");\ncy.get(\"input[name='dependents']\").clear().type(\"1\");\ncy.get(\"button\").contains(/Calcular/i).click();\ncy.get(\"button\").contains(/Editar/i).click();\ncy.contains(/R\\$ 7.280,18/i).should(\"not.exist\");\ncy.contains(/R\\$ 10.500,00/i).should(\"not.exist\");\ncy.contains(/R\\$ 1.522,50/i).should(\"not.exist\");\ncy.contains(/R\\$ 1.547,32/i).should(\"not.exist\");\ncy.contains(/R\\$ 150,00/i).should(\"not.exist\");\ncy.get(\"input[name='grossSalary']\").should(\"exist\").should(\"have.value\", \"10500\");\ncy.get(\"input[name='deductions']\").should(\"exist\").should(\"have.value\", \"150\");\ncy.get(\"input[name='date']\").should(\"exist\").should(\"have.value\", \"2022-12-21\");\ncy.get(\"input[name='dependents']\").should(\"exist\").should(\"have.value\", \"1\");\ncy.get(\"button\").contains(/Calcular/i).should(\"exist\");\ncy.get(\"button\").contains(/Cancelar/i).should(\"exist\");",
              "err": {
                "message": "AssertionError: Timed out retrying after 20000ms: Expected to find element: `a[href='/salarios']`, but never found it.",
                "estack": "AssertionError: Timed out retrying after 20000ms: Expected to find element: `a[href='/salarios']`, but never found it.\n    at Context.eval (webpack://od-fe-0x-planejamento-financeiro/./cypress/e2e/06.NetIncomeCalc.cy.js:36:7)",
                "diff": null
              },
              "uuid": "a246843d-4d2b-4adf-a4b8-195c119cc1bc",
              "parentUUID": "8d3cd1df-a278-47b2-8cc7-5312d6ac35d2",
              "isHook": false,
              "skipped": false
            }
          ],
          "suites": [],
          "passes": [],
          "failures": [
            "0d2c9ca3-3926-43e5-89cc-db0d1f62ab9f",
            "a246843d-4d2b-4adf-a4b8-195c119cc1bc"
          ],
          "pending": [],
          "skipped": [],
          "duration": 45196,
          "root": false,
          "rootEmpty": false,
          "_timeout": 2000
        }
      ],
      "passes": [],
      "failures": [],
      "pending": [],
      "skipped": [],
      "duration": 0,
      "root": true,
      "rootEmpty": true,
      "_timeout": 2000
    }
  ],
  "meta": {
    "mocha": {
      "version": "7.0.1"
    },
    "mochawesome": {
      "options": {
        "quiet": false,
        "reportFilename": "mochawesome",
        "saveHtml": false,
        "saveJson": true,
        "consoleReporter": "spec",
        "useInlineDiffs": false,
        "code": true
      },
      "version": "7.1.3"
    },
    "marge": {
      "options": {
        "id": "default",
        "reportDir": "cypress/reports",
        "overwrite": false,
        "html": false,
        "json": true
      },
      "version": "6.2.0"
    }
  }
}