{
  "stats": {
    "suites": 1,
    "tests": 1,
    "passes": 0,
    "pending": 0,
    "failures": 1,
    "start": "2025-01-22T19:41:06.480Z",
    "end": "2025-01-22T19:41:29.669Z",
    "duration": 23189,
    "testsRegistered": 1,
    "passPercent": 0,
    "pendingPercent": 0,
    "other": 0,
    "hasOther": false,
    "skipped": 0,
    "hasSkipped": false
  },
  "results": [
    {
      "uuid": "a8db049d-c20f-4aef-988c-6d5a98bf7b7f",
      "title": "",
      "fullFile": "cypress/e2e/04.NoIcomesMessage.cy.js",
      "file": "cypress/e2e/04.NoIcomesMessage.cy.js",
      "beforeHooks": [],
      "afterHooks": [],
      "tests": [],
      "suites": [
        {
          "uuid": "c6960a93-f1cd-42c6-acdf-a1d56306ad9a",
          "title": "4 - Exiba uma mensagem quando não houver salários cadastrados",
          "fullFile": "",
          "file": "",
          "beforeHooks": [],
          "afterHooks": [],
          "tests": [
            {
              "title": "Os textos informando que não há salários cadastrados e o botão `Adicionar salário` são exibidos",
              "fullTitle": "4 - Exiba uma mensagem quando não houver salários cadastrados Os textos informando que não há salários cadastrados e o botão `Adicionar salário` são exibidos",
              "timedOut": null,
              "duration": 21279,
              "state": "failed",
              "speed": null,
              "pass": false,
              "fail": true,
              "pending": false,
              "context": null,
              "code": "cy.get(\"a[href='/salarios']\").click();\ncy.contains(/Nenhum salário adicionado/i).should(\"exist\");\ncy.contains(/Adicione um salário para fazer o cálculo/i).should(\"exist\");\ncy.contains(/Adicionar salário/i).should(\"exist\");",
              "err": {
                "message": "AssertionError: Timed out retrying after 20000ms: Expected to find element: `a[href='/salarios']`, but never found it.",
                "estack": "AssertionError: Timed out retrying after 20000ms: Expected to find element: `a[href='/salarios']`, but never found it.\n    at Context.eval (webpack://od-fe-0x-planejamento-financeiro/./cypress/e2e/04.NoIcomesMessage.cy.js:15:7)",
                "diff": null
              },
              "uuid": "0ec463aa-dbbb-4e36-b7c4-c99e7e59fb8b",
              "parentUUID": "c6960a93-f1cd-42c6-acdf-a1d56306ad9a",
              "isHook": false,
              "skipped": false
            }
          ],
          "suites": [],
          "passes": [],
          "failures": [
            "0ec463aa-dbbb-4e36-b7c4-c99e7e59fb8b"
          ],
          "pending": [],
          "skipped": [],
          "duration": 21279,
          "root": false,
          "rootEmpty": false,
          "_timeout": 2000
        }
      ],
      "passes": [],
      "failures": [],
      "pending": [],
      "skipped": [],
      "duration": 0,
      "root": true,
      "rootEmpty": true,
      "_timeout": 2000
    }
  ],
  "meta": {
    "mocha": {
      "version": "7.0.1"
    },
    "mochawesome": {
      "options": {
        "quiet": false,
        "reportFilename": "mochawesome",
        "saveHtml": false,
        "saveJson": true,
        "consoleReporter": "spec",
        "useInlineDiffs": false,
        "code": true
      },
      "version": "7.1.3"
    },
    "marge": {
      "options": {
        "id": "default",
        "reportDir": "cypress/reports",
        "overwrite": false,
        "html": false,
        "json": true
      },
      "version": "6.2.0"
    }
  }
}