{
  "stats": {
    "suites": 1,
    "tests": 2,
    "passes": 0,
    "pending": 0,
    "failures": 2,
    "start": "2025-01-20T19:28:49.247Z",
    "end": "2025-01-20T19:28:50.047Z",
    "duration": 800,
    "testsRegistered": 2,
    "passPercent": 0,
    "pendingPercent": 0,
    "other": -1,
    "hasOther": false,
    "skipped": 1,
    "hasSkipped": true
  },
  "results": [
    {
      "uuid": "e53694f0-7e6f-4ed2-a563-7e9be17d397a",
      "title": "",
      "fullFile": "cypress/e2e/08.DeleteIncome.cy.js",
      "file": "cypress/e2e/08.DeleteIncome.cy.js",
      "beforeHooks": [],
      "afterHooks": [],
      "tests": [],
      "suites": [
        {
          "uuid": "c9af9184-643a-4001-90a4-40aa7c0d1269",
          "title": "8 - Remova um salário ao clicar no botão `Excluir salário`",
          "fullFile": "",
          "file": "",
          "beforeHooks": [],
          "afterHooks": [],
          "tests": [
            {
              "title": "Um salário é removido da lista quando o botão `Excluir salário` é clicado",
              "fullTitle": "8 - Remova um salário ao clicar no botão `Excluir salário` Um salário é removido da lista quando o botão `Excluir salário` é clicado",
              "timedOut": null,
              "duration": 606,
              "state": "failed",
              "speed": null,
              "pass": false,
              "fail": true,
              "pending": false,
              "context": null,
              "code": "const [income1, income2, income3] = _constants.INCOMES;\ncy.get(\"button\").contains(/Adicionar salário/i).click();\ncy.get(\"input[name='grossSalary']\").clear().type(income1.grossSalary);\ncy.get(\"input[name='deductions']\").clear().type(income1.deductions);\ncy.get(\"input[name='date']\").clear().type(income1.date);\ncy.get(\"input[name='dependents']\").clear().type(income1.dependents);\ncy.get(\"button\").contains(/Calcular/i).click();\ncy.get(\"button\").contains(/Salvar/i).click();\ncy.get(\"button\").contains(/Adicionar salário/i).click();\ncy.get(\"input[name='grossSalary']\").clear().type(income2.grossSalary);\ncy.get(\"input[name='deductions']\").clear().type(income2.deductions);\ncy.get(\"input[name='date']\").clear().type(income2.date);\ncy.get(\"input[name='dependents']\").clear().type(income2.dependents);\ncy.get(\"button\").contains(/Calcular/i).click();\ncy.get(\"button\").contains(/Salvar/i).click();\ncy.get(\"button\").contains(/Adicionar salário/i).click();\ncy.get(\"input[name='grossSalary']\").clear().type(income3.grossSalary);\ncy.get(\"input[name='deductions']\").clear().type(income3.deductions);\ncy.get(\"input[name='date']\").clear().type(income3.date);\ncy.get(\"input[name='dependents']\").clear().type(income3.dependents);\ncy.get(\"button\").contains(/Calcular/i).click();\ncy.get(\"button\").contains(/Salvar/i).click();\ncy.contains(/R\\$ 10.500,00/i).should(\"exist\");\ncy.contains(/R\\$ 12.000,00/i).should(\"exist\");\ncy.contains(/R\\$ 15.000,00/i).should(\"exist\");\ncy.get('button:contains(\"Excluir\")').should(\"have.length\", 3);\ncy.get('button:contains(\"Excluir\")').eq(1).click();\ncy.contains(/R\\$ 10.500,00/i).should(\"exist\");\ncy.contains(/R\\$ 12.000,00/i).should(\"not.exist\");\ncy.contains(/R\\$ 15.000,00/i).should(\"exist\");\ncy.get('button:contains(\"Excluir\")').should(\"have.length\", 2);\n// Aguarda pelo menos 2 segundos para garantir que o json-server\n// tenha tempo de processar a exclusão\ncy.wait(2000);",
              "err": {
                "message": "CypressError: `cy.visit()` failed trying to load:\n\nhttp://localhost:3000/login \n\nWe attempted to make an http request to this URL but the request failed without a response.\n\nWe received this error at the network level:\n\n  > Error: connect ECONNREFUSED 127.0.0.1:3000\n\nCommon situations why this would fail:\n  - you don't have internet access\n  - you forgot to run / boot your web server\n  - your web server isn't accessible\n  - you have weird network configuration settings on your computer\n\nBecause this error occurred during a `before each` hook we are skipping the remaining tests in the current suite: `8 - Remova um salário ao cl...`",
                "estack": "CypressError: `cy.visit()` failed trying to load:\n\nhttp://localhost:3000/login \n\nWe attempted to make an http request to this URL but the request failed without a response.\n\nWe received this error at the network level:\n\n  > Error: connect ECONNREFUSED 127.0.0.1:3000\n\nCommon situations why this would fail:\n  - you don't have internet access\n  - you forgot to run / boot your web server\n  - your web server isn't accessible\n  - you have weird network configuration settings on your computer\n\nBecause this error occurred during a `before each` hook we are skipping the remaining tests in the current suite: `8 - Remova um salário ao cl...`\n    at <unknown> (http://localhost:42529/__cypress/runner/cypress_runner.js:130947:74)\n    at visitFailedByErr (http://localhost:42529/__cypress/runner/cypress_runner.js:130339:12)\n    at <unknown> (http://localhost:42529/__cypress/runner/cypress_runner.js:130946:11)\n    at tryCatcher (http://localhost:42529/__cypress/runner/cypress_runner.js:1807:23)\n    at Promise._settlePromiseFromHandler (http://localhost:42529/__cypress/runner/cypress_runner.js:1519:31)\n    at Promise._settlePromise (http://localhost:42529/__cypress/runner/cypress_runner.js:1576:18)\n    at Promise._settlePromise0 (http://localhost:42529/__cypress/runner/cypress_runner.js:1621:10)\n    at Promise._settlePromises (http://localhost:42529/__cypress/runner/cypress_runner.js:1697:18)\n    at _drainQueueStep (http://localhost:42529/__cypress/runner/cypress_runner.js:2407:12)\n    at _drainQueue (http://localhost:42529/__cypress/runner/cypress_runner.js:2400:9)\n    at Async._drainQueues (http://localhost:42529/__cypress/runner/cypress_runner.js:2416:5)\n    at Async.drainQueues (http://localhost:42529/__cypress/runner/cypress_runner.js:2286:14)\nFrom Your Spec Code:\n    at Context.eval (webpack://od-fe-0x-planejamento-financeiro/./cypress/e2e/08.DeleteIncome.cy.js:9:7)\n\nFrom Node.js Internals:\n  Error: connect ECONNREFUSED 127.0.0.1:3000\n      at TCPConnectWrap.afterConnect [as oncomplete] (node:net:1494:16)",
                "diff": null
              },
              "uuid": "57311744-3f56-4011-b785-717f542edf45",
              "parentUUID": "c9af9184-643a-4001-90a4-40aa7c0d1269",
              "isHook": false,
              "skipped": false
            },
            {
              "title": "A mensagem `Nenhum salário adicionado` é exibida quando todos os salários cadastrados são removidos",
              "fullTitle": "8 - Remova um salário ao clicar no botão `Excluir salário` A mensagem `Nenhum salário adicionado` é exibida quando todos os salários cadastrados são removidos",
              "timedOut": null,
              "duration": 0,
              "state": "skipped",
              "speed": null,
              "pass": false,
              "fail": false,
              "pending": false,
              "context": null,
              "code": "const [{\n  grossSalary,\n  deductions,\n  date,\n  dependents\n}] = _constants.INCOMES;\ncy.contains(/Nenhum salário adicionado/i).should(\"exist\");\ncy.get(\"button\").contains(/Adicionar salário/i).click();\ncy.get(\"input[name='grossSalary']\").clear().type(grossSalary);\ncy.get(\"input[name='deductions']\").clear().type(deductions);\ncy.get(\"input[name='date']\").clear().type(date);\ncy.get(\"input[name='dependents']\").clear().type(dependents);\ncy.get(\"button\").contains(/Calcular/i).click();\ncy.get(\"button\").contains(/Salvar/i).click();\ncy.contains(/R\\$ 10.500,00/i).should(\"exist\");\ncy.contains(/Nenhum salário adicionado/i).should(\"not.exist\");\ncy.get(\"button\").contains(/Excluir/i).click();\ncy.contains(/R\\$ 10.500,00/i).should(\"not.exist\");\ncy.contains(/Nenhum salário adicionado/i).should(\"exist\");",
              "err": {},
              "uuid": "3c27f995-ba68-4eeb-89cd-db35ee284383",
              "parentUUID": "c9af9184-643a-4001-90a4-40aa7c0d1269",
              "isHook": false,
              "skipped": true
            }
          ],
          "suites": [],
          "passes": [],
          "failures": [
            "57311744-3f56-4011-b785-717f542edf45"
          ],
          "pending": [],
          "skipped": [
            "3c27f995-ba68-4eeb-89cd-db35ee284383"
          ],
          "duration": 606,
          "root": false,
          "rootEmpty": false,
          "_timeout": 2000
        }
      ],
      "passes": [],
      "failures": [],
      "pending": [],
      "skipped": [],
      "duration": 0,
      "root": true,
      "rootEmpty": true,
      "_timeout": 2000
    }
  ],
  "meta": {
    "mocha": {
      "version": "7.0.1"
    },
    "mochawesome": {
      "options": {
        "quiet": false,
        "reportFilename": "mochawesome",
        "saveHtml": false,
        "saveJson": true,
        "consoleReporter": "spec",
        "useInlineDiffs": false,
        "code": true
      },
      "version": "7.1.3"
    },
    "marge": {
      "options": {
        "id": "default",
        "reportDir": "cypress/reports",
        "overwrite": false,
        "html": false,
        "json": true
      },
      "version": "6.2.0"
    }
  }
}