{
  "stats": {
    "suites": 1,
    "tests": 2,
    "passes": 0,
    "pending": 0,
    "failures": 2,
    "start": "2025-01-20T19:28:39.485Z",
    "end": "2025-01-20T19:28:40.496Z",
    "duration": 1011,
    "testsRegistered": 10,
    "passPercent": 0,
    "pendingPercent": 0,
    "other": -1,
    "hasOther": false,
    "skipped": 9,
    "hasSkipped": true
  },
  "results": [
    {
      "uuid": "54868f1d-1e2a-429f-8be1-1240f98c8880",
      "title": "",
      "fullFile": "cypress/e2e/05.IncomeForm.cy.js",
      "file": "cypress/e2e/05.IncomeForm.cy.js",
      "beforeHooks": [],
      "afterHooks": [],
      "tests": [],
      "suites": [
        {
          "uuid": "8f035e08-b51e-42dd-98c2-1c6c2effb67a",
          "title": "5 - Desenvolva o formulário para adicionar um novo salário",
          "fullFile": "",
          "file": "",
          "beforeHooks": [],
          "afterHooks": [],
          "tests": [
            {
              "title": "O formulário é exibido ao clicar no botão `Adicionar salário`",
              "fullTitle": "5 - Desenvolva o formulário para adicionar um novo salário O formulário é exibido ao clicar no botão `Adicionar salário`",
              "timedOut": null,
              "duration": 769,
              "state": "failed",
              "speed": null,
              "pass": false,
              "fail": true,
              "pending": false,
              "context": null,
              "code": "cy.contains(/Adicione um novo salário/i).should(\"not.exist\");\ncy.get(\"button\").contains(/Adicionar salário/i).click();\ncy.contains(/Adicione um novo salário/i).should(\"exist\");",
              "err": {
                "message": "CypressError: `cy.visit()` failed trying to load:\n\nhttp://localhost:3000/login \n\nWe attempted to make an http request to this URL but the request failed without a response.\n\nWe received this error at the network level:\n\n  > Error: connect ECONNREFUSED 127.0.0.1:3000\n\nCommon situations why this would fail:\n  - you don't have internet access\n  - you forgot to run / boot your web server\n  - your web server isn't accessible\n  - you have weird network configuration settings on your computer\n\nBecause this error occurred during a `before each` hook we are skipping the remaining tests in the current suite: `5 - Desenvolva o formulário...`",
                "estack": "CypressError: `cy.visit()` failed trying to load:\n\nhttp://localhost:3000/login \n\nWe attempted to make an http request to this URL but the request failed without a response.\n\nWe received this error at the network level:\n\n  > Error: connect ECONNREFUSED 127.0.0.1:3000\n\nCommon situations why this would fail:\n  - you don't have internet access\n  - you forgot to run / boot your web server\n  - your web server isn't accessible\n  - you have weird network configuration settings on your computer\n\nBecause this error occurred during a `before each` hook we are skipping the remaining tests in the current suite: `5 - Desenvolva o formulário...`\n    at <unknown> (http://localhost:42529/__cypress/runner/cypress_runner.js:130947:74)\n    at visitFailedByErr (http://localhost:42529/__cypress/runner/cypress_runner.js:130339:12)\n    at <unknown> (http://localhost:42529/__cypress/runner/cypress_runner.js:130946:11)\n    at tryCatcher (http://localhost:42529/__cypress/runner/cypress_runner.js:1807:23)\n    at Promise._settlePromiseFromHandler (http://localhost:42529/__cypress/runner/cypress_runner.js:1519:31)\n    at Promise._settlePromise (http://localhost:42529/__cypress/runner/cypress_runner.js:1576:18)\n    at Promise._settlePromise0 (http://localhost:42529/__cypress/runner/cypress_runner.js:1621:10)\n    at Promise._settlePromises (http://localhost:42529/__cypress/runner/cypress_runner.js:1697:18)\n    at _drainQueueStep (http://localhost:42529/__cypress/runner/cypress_runner.js:2407:12)\n    at _drainQueue (http://localhost:42529/__cypress/runner/cypress_runner.js:2400:9)\n    at Async._drainQueues (http://localhost:42529/__cypress/runner/cypress_runner.js:2416:5)\n    at Async.drainQueues (http://localhost:42529/__cypress/runner/cypress_runner.js:2286:14)\nFrom Your Spec Code:\n    at Context.eval (webpack://od-fe-0x-planejamento-financeiro/./cypress/e2e/05.IncomeForm.cy.js:8:7)\n\nFrom Node.js Internals:\n  Error: connect ECONNREFUSED 127.0.0.1:3000\n      at TCPConnectWrap.afterConnect [as oncomplete] (node:net:1494:16)",
                "diff": null
              },
              "uuid": "7e768261-7c4b-4930-b7a1-9eb359277fa0",
              "parentUUID": "8f035e08-b51e-42dd-98c2-1c6c2effb67a",
              "isHook": false,
              "skipped": false
            },
            {
              "title": "O formulário deixa de ser exibido ao clicar no botão `Cancelar`",
              "fullTitle": "5 - Desenvolva o formulário para adicionar um novo salário O formulário deixa de ser exibido ao clicar no botão `Cancelar`",
              "timedOut": null,
              "duration": 0,
              "state": "skipped",
              "speed": null,
              "pass": false,
              "fail": false,
              "pending": false,
              "context": null,
              "code": "cy.contains(/Adicione um novo salário/i).should(\"not.exist\");\ncy.get(\"button\").contains(/Adicionar salário/i).click();\ncy.contains(/Adicione um novo salário/i).should(\"exist\");\ncy.get(\"button\").contains(/Cancelar/i).click();\ncy.contains(/Adicione um novo salário/i).should(\"not.exist\");",
              "err": {},
              "uuid": "c4279569-4a4f-4796-95a2-cafa46625ff2",
              "parentUUID": "8f035e08-b51e-42dd-98c2-1c6c2effb67a",
              "isHook": false,
              "skipped": true
            },
            {
              "title": "O formulário possui a estrutura pedida",
              "fullTitle": "5 - Desenvolva o formulário para adicionar um novo salário O formulário possui a estrutura pedida",
              "timedOut": null,
              "duration": 0,
              "state": "skipped",
              "speed": null,
              "pass": false,
              "fail": false,
              "pending": false,
              "context": null,
              "code": "cy.get(\"button\").contains(/Adicionar salário/i).click();\ncy.get(\"input[name='grossSalary']\").should(\"exist\");\ncy.get(\"input[name='deductions']\").should(\"exist\");\ncy.get(\"input[name='date']\").should(\"exist\");\ncy.get(\"input[name='dependents']\").should(\"exist\");\ncy.get(\"button\").contains(/Calcular/i).should(\"exist\");\ncy.get(\"button\").contains(/Cancelar/i).should(\"exist\");",
              "err": {},
              "uuid": "3313adde-f59c-4ffa-96c3-38e80d708afd",
              "parentUUID": "8f035e08-b51e-42dd-98c2-1c6c2effb67a",
              "isHook": false,
              "skipped": true
            },
            {
              "title": "O campo date deve possuir o atributo `type` com o valor `date`",
              "fullTitle": "5 - Desenvolva o formulário para adicionar um novo salário O campo date deve possuir o atributo `type` com o valor `date`",
              "timedOut": null,
              "duration": 0,
              "state": "skipped",
              "speed": null,
              "pass": false,
              "fail": false,
              "pending": false,
              "context": null,
              "code": "cy.get(\"button\").contains(/Adicionar salário/i).click();\ncy.get(\"input[name='date']\").should(\"have.attr\", \"type\", \"date\");",
              "err": {},
              "uuid": "9f5a7992-143a-4395-9ba1-6c3ed6b5348f",
              "parentUUID": "8f035e08-b51e-42dd-98c2-1c6c2effb67a",
              "isHook": false,
              "skipped": true
            },
            {
              "title": "O botão `Calcular` começa desabilitado quando o formulário é exibido",
              "fullTitle": "5 - Desenvolva o formulário para adicionar um novo salário O botão `Calcular` começa desabilitado quando o formulário é exibido",
              "timedOut": null,
              "duration": 0,
              "state": "skipped",
              "speed": null,
              "pass": false,
              "fail": false,
              "pending": false,
              "context": null,
              "code": "cy.get(\"button\").contains(/Adicionar salário/i).click();\ncy.get(\"button\").contains(/Calcular/i).should(\"be.disabled\");",
              "err": {},
              "uuid": "c039f809-9336-4634-82ec-88991a46ad2a",
              "parentUUID": "8f035e08-b51e-42dd-98c2-1c6c2effb67a",
              "isHook": false,
              "skipped": true
            },
            {
              "title": "O botão `Calcular` permanece desabilitado quando o campo `grossSalary` não é preenchido corretamente",
              "fullTitle": "5 - Desenvolva o formulário para adicionar um novo salário O botão `Calcular` permanece desabilitado quando o campo `grossSalary` não é preenchido corretamente",
              "timedOut": null,
              "duration": 0,
              "state": "skipped",
              "speed": null,
              "pass": false,
              "fail": false,
              "pending": false,
              "context": null,
              "code": "cy.get(\"button\").contains(/Adicionar salário/i).click();\ncy.get(\"input[name='deductions']\").clear().type(\"150\");\ncy.get(\"input[name='date']\").clear().type(\"2022-12-21\");\ncy.get(\"input[name='dependents']\").clear().type(\"1\");\ncy.get(\"input[name='grossSalary']\").clear().type(\"0\");\ncy.get(\"button\").contains(/Calcular/i).should(\"be.disabled\");\ncy.get(\"input[name='grossSalary']\").clear().type(\"1500\");\ncy.get(\"button\").contains(/Calcular/i).should(\"be.enabled\");",
              "err": {},
              "uuid": "d42dba86-441f-484d-a00c-066b2585abef",
              "parentUUID": "8f035e08-b51e-42dd-98c2-1c6c2effb67a",
              "isHook": false,
              "skipped": true
            },
            {
              "title": "O botão `Calcular` permanece desabilitado quando o campo `dependents` não é preenchido corretamente",
              "fullTitle": "5 - Desenvolva o formulário para adicionar um novo salário O botão `Calcular` permanece desabilitado quando o campo `dependents` não é preenchido corretamente",
              "timedOut": null,
              "duration": 0,
              "state": "skipped",
              "speed": null,
              "pass": false,
              "fail": false,
              "pending": false,
              "context": null,
              "code": "cy.get(\"button\").contains(/Adicionar salário/i).click();\ncy.get(\"input[name='grossSalary']\").clear().type(\"1500\");\ncy.get(\"input[name='deductions']\").clear().type(\"150\");\ncy.get(\"input[name='date']\").clear().type(\"2022-12-21\");\ncy.get(\"input[name='dependents']\").clear().type(\"-1\");\ncy.get(\"button\").contains(/Calcular/i).should(\"be.disabled\");\ncy.get(\"input[name='dependents']\").clear().type(\"0\");\ncy.get(\"button\").contains(/Calcular/i).should(\"be.enabled\");\ncy.get(\"input[name='dependents']\").clear().type(\"1\");\ncy.get(\"button\").contains(/Calcular/i).should(\"be.enabled\");",
              "err": {},
              "uuid": "e94a8d90-9c1b-43e7-810d-acd2baa2d7fc",
              "parentUUID": "8f035e08-b51e-42dd-98c2-1c6c2effb67a",
              "isHook": false,
              "skipped": true
            },
            {
              "title": "O botão `Calcular` permanece desabilitado quando o campo `date` não é preenchido corretamente",
              "fullTitle": "5 - Desenvolva o formulário para adicionar um novo salário O botão `Calcular` permanece desabilitado quando o campo `date` não é preenchido corretamente",
              "timedOut": null,
              "duration": 0,
              "state": "skipped",
              "speed": null,
              "pass": false,
              "fail": false,
              "pending": false,
              "context": null,
              "code": "cy.get(\"button\").contains(/Adicionar salário/i).click();\ncy.get(\"input[name='grossSalary']\").clear().type(\"1500\");\ncy.get(\"input[name='deductions']\").clear().type(\"150\");\ncy.get(\"input[name='dependents']\").clear().type(\"1\");\ncy.get(\"button\").contains(/Calcular/i).should(\"be.disabled\");\ncy.get(\"input[name='date']\").clear().type(\"2022-12-21\");\ncy.get(\"button\").contains(/Calcular/i).should(\"be.enabled\");",
              "err": {},
              "uuid": "fe5b509c-4b1e-4ff4-b94c-accfc86c6097",
              "parentUUID": "8f035e08-b51e-42dd-98c2-1c6c2effb67a",
              "isHook": false,
              "skipped": true
            },
            {
              "title": "O botão `Calcular` permanece desabilitado quando o campo `deductions` não é preenchido corretamente",
              "fullTitle": "5 - Desenvolva o formulário para adicionar um novo salário O botão `Calcular` permanece desabilitado quando o campo `deductions` não é preenchido corretamente",
              "timedOut": null,
              "duration": 0,
              "state": "skipped",
              "speed": null,
              "pass": false,
              "fail": false,
              "pending": false,
              "context": null,
              "code": "cy.get(\"button\").contains(/Adicionar salário/i).click();\ncy.get(\"input[name='grossSalary']\").clear().type(\"1500\");\ncy.get(\"input[name='date']\").clear().type(\"2022-12-21\");\ncy.get(\"input[name='dependents']\").clear().type(\"1\");\ncy.get(\"input[name='deductions']\").clear().type(\"-1\");\ncy.get(\"button\").contains(/Calcular/i).should(\"be.disabled\");\ncy.get(\"input[name='deductions']\").clear().type(\"0\");\ncy.get(\"button\").contains(/Calcular/i).should(\"be.enabled\");\ncy.get(\"input[name='deductions']\").clear().type(\"150\");\ncy.get(\"button\").contains(/Calcular/i).should(\"be.enabled\");",
              "err": {},
              "uuid": "401282e0-4cae-47d4-badb-051011755c50",
              "parentUUID": "8f035e08-b51e-42dd-98c2-1c6c2effb67a",
              "isHook": false,
              "skipped": true
            },
            {
              "title": "O botão `Calcular` é habilitado quando todos os campos são preenchidos corretamente",
              "fullTitle": "5 - Desenvolva o formulário para adicionar um novo salário O botão `Calcular` é habilitado quando todos os campos são preenchidos corretamente",
              "timedOut": null,
              "duration": 0,
              "state": "skipped",
              "speed": null,
              "pass": false,
              "fail": false,
              "pending": false,
              "context": null,
              "code": "cy.get(\"button\").contains(/Adicionar salário/i).click();\ncy.get(\"input[name='grossSalary']\").clear().type(\"1500\");\ncy.get(\"input[name='deductions']\").clear().type(\"150\");\ncy.get(\"input[name='date']\").clear().type(\"2022-12-21\");\ncy.get(\"input[name='dependents']\").clear().type(\"1\");\ncy.get(\"button\").contains(/Calcular/i).should(\"be.enabled\");",
              "err": {},
              "uuid": "d553be60-8834-4330-ae7b-6687e1556b1d",
              "parentUUID": "8f035e08-b51e-42dd-98c2-1c6c2effb67a",
              "isHook": false,
              "skipped": true
            }
          ],
          "suites": [],
          "passes": [],
          "failures": [
            "7e768261-7c4b-4930-b7a1-9eb359277fa0"
          ],
          "pending": [],
          "skipped": [
            "c4279569-4a4f-4796-95a2-cafa46625ff2",
            "3313adde-f59c-4ffa-96c3-38e80d708afd",
            "9f5a7992-143a-4395-9ba1-6c3ed6b5348f",
            "c039f809-9336-4634-82ec-88991a46ad2a",
            "d42dba86-441f-484d-a00c-066b2585abef",
            "e94a8d90-9c1b-43e7-810d-acd2baa2d7fc",
            "fe5b509c-4b1e-4ff4-b94c-accfc86c6097",
            "401282e0-4cae-47d4-badb-051011755c50",
            "d553be60-8834-4330-ae7b-6687e1556b1d"
          ],
          "duration": 769,
          "root": false,
          "rootEmpty": false,
          "_timeout": 2000
        }
      ],
      "passes": [],
      "failures": [],
      "pending": [],
      "skipped": [],
      "duration": 0,
      "root": true,
      "rootEmpty": true,
      "_timeout": 2000
    }
  ],
  "meta": {
    "mocha": {
      "version": "7.0.1"
    },
    "mochawesome": {
      "options": {
        "quiet": false,
        "reportFilename": "mochawesome",
        "saveHtml": false,
        "saveJson": true,
        "consoleReporter": "spec",
        "useInlineDiffs": false,
        "code": true
      },
      "version": "7.1.3"
    },
    "marge": {
      "options": {
        "id": "default",
        "reportDir": "cypress/reports",
        "overwrite": false,
        "html": false,
        "json": true
      },
      "version": "6.2.0"
    }
  }
}