{
  "stats": {
    "suites": 1,
    "tests": 1,
    "passes": 0,
    "pending": 0,
    "failures": 1,
    "start": "2025-01-20T20:25:50.425Z",
    "end": "2025-01-20T20:26:16.340Z",
    "duration": 25915,
    "testsRegistered": 1,
    "passPercent": 0,
    "pendingPercent": 0,
    "other": 0,
    "hasOther": false,
    "skipped": 0,
    "hasSkipped": false
  },
  "results": [
    {
      "uuid": "024df982-b6f1-4fb0-a70b-fdf1a83125a2",
      "title": "",
      "fullFile": "cypress/e2e/04.NoIcomesMessage.cy.js",
      "file": "cypress/e2e/04.NoIcomesMessage.cy.js",
      "beforeHooks": [],
      "afterHooks": [],
      "tests": [],
      "suites": [
        {
          "uuid": "a96b155b-524e-419d-a894-b22c68f7ccf1",
          "title": "4 - Exiba uma mensagem quando não houver salários cadastrados",
          "fullFile": "",
          "file": "",
          "beforeHooks": [],
          "afterHooks": [],
          "tests": [
            {
              "title": "Os textos informando que não há salários cadastrados e o botão `Adicionar salário` são exibidos",
              "fullTitle": "4 - Exiba uma mensagem quando não houver salários cadastrados Os textos informando que não há salários cadastrados e o botão `Adicionar salário` são exibidos",
              "timedOut": null,
              "duration": 21310,
              "state": "failed",
              "speed": null,
              "pass": false,
              "fail": true,
              "pending": false,
              "context": null,
              "code": "cy.get(\"a[href='/salarios']\").click();\ncy.contains(/Nenhum salário adicionado/i).should(\"exist\");\ncy.contains(/Adicione um salário para fazer o cálculo/i).should(\"exist\");\ncy.contains(/Adicionar salário/i).should(\"exist\");",
              "err": {
                "message": "AssertionError: Timed out retrying after 20000ms: Expected to find element: `a[href='/salarios']`, but never found it.",
                "estack": "AssertionError: Timed out retrying after 20000ms: Expected to find element: `a[href='/salarios']`, but never found it.\n    at Context.eval (webpack://od-fe-0x-planejamento-financeiro/./cypress/e2e/04.NoIcomesMessage.cy.js:15:7)",
                "diff": null
              },
              "uuid": "a6d1c356-3859-406c-921e-d70ba860f3ef",
              "parentUUID": "a96b155b-524e-419d-a894-b22c68f7ccf1",
              "isHook": false,
              "skipped": false
            }
          ],
          "suites": [],
          "passes": [],
          "failures": [
            "a6d1c356-3859-406c-921e-d70ba860f3ef"
          ],
          "pending": [],
          "skipped": [],
          "duration": 21310,
          "root": false,
          "rootEmpty": false,
          "_timeout": 2000
        }
      ],
      "passes": [],
      "failures": [],
      "pending": [],
      "skipped": [],
      "duration": 0,
      "root": true,
      "rootEmpty": true,
      "_timeout": 2000
    }
  ],
  "meta": {
    "mocha": {
      "version": "7.0.1"
    },
    "mochawesome": {
      "options": {
        "quiet": false,
        "reportFilename": "mochawesome",
        "saveHtml": false,
        "saveJson": true,
        "consoleReporter": "spec",
        "useInlineDiffs": false,
        "code": true
      },
      "version": "7.1.3"
    },
    "marge": {
      "options": {
        "id": "default",
        "reportDir": "cypress/reports",
        "overwrite": false,
        "html": false,
        "json": true
      },
      "version": "6.2.0"
    }
  }
}