{
  "stats": {
    "suites": 1,
    "tests": 1,
    "passes": 0,
    "pending": 0,
    "failures": 1,
    "start": "2025-01-20T19:28:52.205Z",
    "end": "2025-01-20T19:28:52.990Z",
    "duration": 785,
    "testsRegistered": 1,
    "passPercent": 0,
    "pendingPercent": 0,
    "other": 0,
    "hasOther": false,
    "skipped": 0,
    "hasSkipped": false
  },
  "results": [
    {
      "uuid": "b8fa7a66-9594-46fb-a924-40d817184f20",
      "title": "",
      "fullFile": "cypress/e2e/09.NoExpensesMessage.cy.js",
      "file": "cypress/e2e/09.NoExpensesMessage.cy.js",
      "beforeHooks": [],
      "afterHooks": [],
      "tests": [],
      "suites": [
        {
          "uuid": "23a1d207-b0fe-4a51-86fc-bda8b8e3184b",
          "title": "9 - Exiba uma mensagem quando não houver gastos cadastrados no orçamento",
          "fullFile": "",
          "file": "",
          "beforeHooks": [],
          "afterHooks": [],
          "tests": [
            {
              "title": "Os textos informando que não há gastos cadastrados e o botão `Cadastrar gasto` são exibidos",
              "fullTitle": "9 - Exiba uma mensagem quando não houver gastos cadastrados no orçamento Os textos informando que não há gastos cadastrados e o botão `Cadastrar gasto` são exibidos",
              "timedOut": null,
              "duration": 641,
              "state": "failed",
              "speed": null,
              "pass": false,
              "fail": true,
              "pending": false,
              "context": null,
              "code": "cy.get(\"a[href='/orcamento']\").click();\ncy.contains(/Nenhum gasto adicionado/i).should(\"exist\");\ncy.contains(/Cadastre um gasto no orçamento atual/i).should(\"exist\");\ncy.contains(/Cadastrar gasto/i).should(\"exist\");",
              "err": {
                "message": "CypressError: `cy.visit()` failed trying to load:\n\nhttp://localhost:3000/login \n\nWe attempted to make an http request to this URL but the request failed without a response.\n\nWe received this error at the network level:\n\n  > Error: connect ECONNREFUSED 127.0.0.1:3000\n\nCommon situations why this would fail:\n  - you don't have internet access\n  - you forgot to run / boot your web server\n  - your web server isn't accessible\n  - you have weird network configuration settings on your computer\n\nBecause this error occurred during a `before each` hook we are skipping the remaining tests in the current suite: `9 - Exiba uma mensagem quan...`",
                "estack": "CypressError: `cy.visit()` failed trying to load:\n\nhttp://localhost:3000/login \n\nWe attempted to make an http request to this URL but the request failed without a response.\n\nWe received this error at the network level:\n\n  > Error: connect ECONNREFUSED 127.0.0.1:3000\n\nCommon situations why this would fail:\n  - you don't have internet access\n  - you forgot to run / boot your web server\n  - your web server isn't accessible\n  - you have weird network configuration settings on your computer\n\nBecause this error occurred during a `before each` hook we are skipping the remaining tests in the current suite: `9 - Exiba uma mensagem quan...`\n    at <unknown> (http://localhost:42529/__cypress/runner/cypress_runner.js:130947:74)\n    at visitFailedByErr (http://localhost:42529/__cypress/runner/cypress_runner.js:130339:12)\n    at <unknown> (http://localhost:42529/__cypress/runner/cypress_runner.js:130946:11)\n    at tryCatcher (http://localhost:42529/__cypress/runner/cypress_runner.js:1807:23)\n    at Promise._settlePromiseFromHandler (http://localhost:42529/__cypress/runner/cypress_runner.js:1519:31)\n    at Promise._settlePromise (http://localhost:42529/__cypress/runner/cypress_runner.js:1576:18)\n    at Promise._settlePromise0 (http://localhost:42529/__cypress/runner/cypress_runner.js:1621:10)\n    at Promise._settlePromises (http://localhost:42529/__cypress/runner/cypress_runner.js:1697:18)\n    at _drainQueueStep (http://localhost:42529/__cypress/runner/cypress_runner.js:2407:12)\n    at _drainQueue (http://localhost:42529/__cypress/runner/cypress_runner.js:2400:9)\n    at Async._drainQueues (http://localhost:42529/__cypress/runner/cypress_runner.js:2416:5)\n    at Async.drainQueues (http://localhost:42529/__cypress/runner/cypress_runner.js:2286:14)\nFrom Your Spec Code:\n    at Context.eval (webpack://od-fe-0x-planejamento-financeiro/./cypress/e2e/09.NoExpensesMessage.cy.js:8:7)\n\nFrom Node.js Internals:\n  Error: connect ECONNREFUSED 127.0.0.1:3000\n      at TCPConnectWrap.afterConnect [as oncomplete] (node:net:1494:16)",
                "diff": null
              },
              "uuid": "2d6a8db7-977b-4abd-864a-2a40f7288726",
              "parentUUID": "23a1d207-b0fe-4a51-86fc-bda8b8e3184b",
              "isHook": false,
              "skipped": false
            }
          ],
          "suites": [],
          "passes": [],
          "failures": [
            "2d6a8db7-977b-4abd-864a-2a40f7288726"
          ],
          "pending": [],
          "skipped": [],
          "duration": 641,
          "root": false,
          "rootEmpty": false,
          "_timeout": 2000
        }
      ],
      "passes": [],
      "failures": [],
      "pending": [],
      "skipped": [],
      "duration": 0,
      "root": true,
      "rootEmpty": true,
      "_timeout": 2000
    }
  ],
  "meta": {
    "mocha": {
      "version": "7.0.1"
    },
    "mochawesome": {
      "options": {
        "quiet": false,
        "reportFilename": "mochawesome",
        "saveHtml": false,
        "saveJson": true,
        "consoleReporter": "spec",
        "useInlineDiffs": false,
        "code": true
      },
      "version": "7.1.3"
    },
    "marge": {
      "options": {
        "id": "default",
        "reportDir": "cypress/reports",
        "overwrite": false,
        "html": false,
        "json": true
      },
      "version": "6.2.0"
    }
  }
}