{
  "stats": {
    "suites": 1,
    "tests": 2,
    "passes": 0,
    "pending": 0,
    "failures": 2,
    "start": "2025-01-22T19:53:21.691Z",
    "end": "2025-01-22T19:53:44.652Z",
    "duration": 22961,
    "testsRegistered": 10,
    "passPercent": 0,
    "pendingPercent": 0,
    "other": -1,
    "hasOther": false,
    "skipped": 9,
    "hasSkipped": true
  },
  "results": [
    {
      "uuid": "cdd02c1a-8187-4485-ae88-fa15b55d2ff3",
      "title": "",
      "fullFile": "cypress/e2e/05.IncomeForm.cy.js",
      "file": "cypress/e2e/05.IncomeForm.cy.js",
      "beforeHooks": [],
      "afterHooks": [],
      "tests": [],
      "suites": [
        {
          "uuid": "672f1d2c-a3e9-4f25-a26e-dfbe59d61c79",
          "title": "5 - Desenvolva o formulário para adicionar um novo salário",
          "fullFile": "",
          "file": "",
          "beforeHooks": [],
          "afterHooks": [],
          "tests": [
            {
              "title": "O formulário é exibido ao clicar no botão `Adicionar salário`",
              "fullTitle": "5 - Desenvolva o formulário para adicionar um novo salário O formulário é exibido ao clicar no botão `Adicionar salário`",
              "timedOut": null,
              "duration": 21092,
              "state": "failed",
              "speed": null,
              "pass": false,
              "fail": true,
              "pending": false,
              "context": null,
              "code": "cy.contains(/Adicione um novo salário/i).should(\"not.exist\");\ncy.get(\"button\").contains(/Adicionar salário/i).click();\ncy.contains(/Adicione um novo salário/i).should(\"exist\");",
              "err": {
                "message": "AssertionError: Timed out retrying after 20000ms: Expected to find element: `a[href='/salarios']`, but never found it.\n\nBecause this error occurred during a `before each` hook we are skipping the remaining tests in the current suite: `5 - Desenvolva o formulário...`",
                "estack": "AssertionError: Timed out retrying after 20000ms: Expected to find element: `a[href='/salarios']`, but never found it.\n\nBecause this error occurred during a `before each` hook we are skipping the remaining tests in the current suite: `5 - Desenvolva o formulário...`\n    at Context.eval (webpack://od-fe-0x-planejamento-financeiro/./cypress/e2e/05.IncomeForm.cy.js:10:7)",
                "diff": null
              },
              "uuid": "e7b5b817-c464-4f9e-92e5-f033d6e62fc3",
              "parentUUID": "672f1d2c-a3e9-4f25-a26e-dfbe59d61c79",
              "isHook": false,
              "skipped": false
            },
            {
              "title": "O formulário deixa de ser exibido ao clicar no botão `Cancelar`",
              "fullTitle": "5 - Desenvolva o formulário para adicionar um novo salário O formulário deixa de ser exibido ao clicar no botão `Cancelar`",
              "timedOut": null,
              "duration": 0,
              "state": "skipped",
              "speed": null,
              "pass": false,
              "fail": false,
              "pending": false,
              "context": null,
              "code": "cy.contains(/Adicione um novo salário/i).should(\"not.exist\");\ncy.get(\"button\").contains(/Adicionar salário/i).click();\ncy.contains(/Adicione um novo salário/i).should(\"exist\");\ncy.get(\"button\").contains(/Cancelar/i).click();\ncy.contains(/Adicione um novo salário/i).should(\"not.exist\");",
              "err": {},
              "uuid": "11b737fc-0cdf-4189-ae6d-03091fbbfae5",
              "parentUUID": "672f1d2c-a3e9-4f25-a26e-dfbe59d61c79",
              "isHook": false,
              "skipped": true
            },
            {
              "title": "O formulário possui a estrutura pedida",
              "fullTitle": "5 - Desenvolva o formulário para adicionar um novo salário O formulário possui a estrutura pedida",
              "timedOut": null,
              "duration": 0,
              "state": "skipped",
              "speed": null,
              "pass": false,
              "fail": false,
              "pending": false,
              "context": null,
              "code": "cy.get(\"button\").contains(/Adicionar salário/i).click();\ncy.get(\"input[name='grossSalary']\").should(\"exist\");\ncy.get(\"input[name='deductions']\").should(\"exist\");\ncy.get(\"input[name='date']\").should(\"exist\");\ncy.get(\"input[name='dependents']\").should(\"exist\");\ncy.get(\"button\").contains(/Calcular/i).should(\"exist\");\ncy.get(\"button\").contains(/Cancelar/i).should(\"exist\");",
              "err": {},
              "uuid": "f8dd4a8f-b260-45e7-acd9-cfed847d22b1",
              "parentUUID": "672f1d2c-a3e9-4f25-a26e-dfbe59d61c79",
              "isHook": false,
              "skipped": true
            },
            {
              "title": "O campo date deve possuir o atributo `type` com o valor `date`",
              "fullTitle": "5 - Desenvolva o formulário para adicionar um novo salário O campo date deve possuir o atributo `type` com o valor `date`",
              "timedOut": null,
              "duration": 0,
              "state": "skipped",
              "speed": null,
              "pass": false,
              "fail": false,
              "pending": false,
              "context": null,
              "code": "cy.get(\"button\").contains(/Adicionar salário/i).click();\ncy.get(\"input[name='date']\").should(\"have.attr\", \"type\", \"date\");",
              "err": {},
              "uuid": "a87e87d6-3b9c-436d-8dde-662ee5a110aa",
              "parentUUID": "672f1d2c-a3e9-4f25-a26e-dfbe59d61c79",
              "isHook": false,
              "skipped": true
            },
            {
              "title": "O botão `Calcular` começa desabilitado quando o formulário é exibido",
              "fullTitle": "5 - Desenvolva o formulário para adicionar um novo salário O botão `Calcular` começa desabilitado quando o formulário é exibido",
              "timedOut": null,
              "duration": 0,
              "state": "skipped",
              "speed": null,
              "pass": false,
              "fail": false,
              "pending": false,
              "context": null,
              "code": "cy.get(\"button\").contains(/Adicionar salário/i).click();\ncy.get(\"button\").contains(/Calcular/i).should(\"be.disabled\");",
              "err": {},
              "uuid": "7ec0283f-b61e-48c4-9ec2-2bf845414b5e",
              "parentUUID": "672f1d2c-a3e9-4f25-a26e-dfbe59d61c79",
              "isHook": false,
              "skipped": true
            },
            {
              "title": "O botão `Calcular` permanece desabilitado quando o campo `grossSalary` não é preenchido corretamente",
              "fullTitle": "5 - Desenvolva o formulário para adicionar um novo salário O botão `Calcular` permanece desabilitado quando o campo `grossSalary` não é preenchido corretamente",
              "timedOut": null,
              "duration": 0,
              "state": "skipped",
              "speed": null,
              "pass": false,
              "fail": false,
              "pending": false,
              "context": null,
              "code": "cy.get(\"button\").contains(/Adicionar salário/i).click();\ncy.get(\"input[name='deductions']\").clear().type(\"150\");\ncy.get(\"input[name='date']\").clear().type(\"2022-12-21\");\ncy.get(\"input[name='dependents']\").clear().type(\"1\");\ncy.get(\"input[name='grossSalary']\").clear().type(\"0\");\ncy.get(\"button\").contains(/Calcular/i).should(\"be.disabled\");\ncy.get(\"input[name='grossSalary']\").clear().type(\"1500\");\ncy.get(\"button\").contains(/Calcular/i).should(\"be.enabled\");",
              "err": {},
              "uuid": "5b09ec8b-5883-45f0-afb8-41b09aadbc8d",
              "parentUUID": "672f1d2c-a3e9-4f25-a26e-dfbe59d61c79",
              "isHook": false,
              "skipped": true
            },
            {
              "title": "O botão `Calcular` permanece desabilitado quando o campo `dependents` não é preenchido corretamente",
              "fullTitle": "5 - Desenvolva o formulário para adicionar um novo salário O botão `Calcular` permanece desabilitado quando o campo `dependents` não é preenchido corretamente",
              "timedOut": null,
              "duration": 0,
              "state": "skipped",
              "speed": null,
              "pass": false,
              "fail": false,
              "pending": false,
              "context": null,
              "code": "cy.get(\"button\").contains(/Adicionar salário/i).click();\ncy.get(\"input[name='grossSalary']\").clear().type(\"1500\");\ncy.get(\"input[name='deductions']\").clear().type(\"150\");\ncy.get(\"input[name='date']\").clear().type(\"2022-12-21\");\ncy.get(\"input[name='dependents']\").clear().type(\"-1\");\ncy.get(\"button\").contains(/Calcular/i).should(\"be.disabled\");\ncy.get(\"input[name='dependents']\").clear().type(\"0\");\ncy.get(\"button\").contains(/Calcular/i).should(\"be.enabled\");\ncy.get(\"input[name='dependents']\").clear().type(\"1\");\ncy.get(\"button\").contains(/Calcular/i).should(\"be.enabled\");",
              "err": {},
              "uuid": "239602f8-9bee-4f33-a4ba-0a7ce3506fcc",
              "parentUUID": "672f1d2c-a3e9-4f25-a26e-dfbe59d61c79",
              "isHook": false,
              "skipped": true
            },
            {
              "title": "O botão `Calcular` permanece desabilitado quando o campo `date` não é preenchido corretamente",
              "fullTitle": "5 - Desenvolva o formulário para adicionar um novo salário O botão `Calcular` permanece desabilitado quando o campo `date` não é preenchido corretamente",
              "timedOut": null,
              "duration": 0,
              "state": "skipped",
              "speed": null,
              "pass": false,
              "fail": false,
              "pending": false,
              "context": null,
              "code": "cy.get(\"button\").contains(/Adicionar salário/i).click();\ncy.get(\"input[name='grossSalary']\").clear().type(\"1500\");\ncy.get(\"input[name='deductions']\").clear().type(\"150\");\ncy.get(\"input[name='dependents']\").clear().type(\"1\");\ncy.get(\"button\").contains(/Calcular/i).should(\"be.disabled\");\ncy.get(\"input[name='date']\").clear().type(\"2022-12-21\");\ncy.get(\"button\").contains(/Calcular/i).should(\"be.enabled\");",
              "err": {},
              "uuid": "c8f7c77a-53ee-4709-885e-c57330bcf695",
              "parentUUID": "672f1d2c-a3e9-4f25-a26e-dfbe59d61c79",
              "isHook": false,
              "skipped": true
            },
            {
              "title": "O botão `Calcular` permanece desabilitado quando o campo `deductions` não é preenchido corretamente",
              "fullTitle": "5 - Desenvolva o formulário para adicionar um novo salário O botão `Calcular` permanece desabilitado quando o campo `deductions` não é preenchido corretamente",
              "timedOut": null,
              "duration": 0,
              "state": "skipped",
              "speed": null,
              "pass": false,
              "fail": false,
              "pending": false,
              "context": null,
              "code": "cy.get(\"button\").contains(/Adicionar salário/i).click();\ncy.get(\"input[name='grossSalary']\").clear().type(\"1500\");\ncy.get(\"input[name='date']\").clear().type(\"2022-12-21\");\ncy.get(\"input[name='dependents']\").clear().type(\"1\");\ncy.get(\"input[name='deductions']\").clear().type(\"-1\");\ncy.get(\"button\").contains(/Calcular/i).should(\"be.disabled\");\ncy.get(\"input[name='deductions']\").clear().type(\"0\");\ncy.get(\"button\").contains(/Calcular/i).should(\"be.enabled\");\ncy.get(\"input[name='deductions']\").clear().type(\"150\");\ncy.get(\"button\").contains(/Calcular/i).should(\"be.enabled\");",
              "err": {},
              "uuid": "1f826e1a-fb1d-4c48-8920-7ed21f0a2e4a",
              "parentUUID": "672f1d2c-a3e9-4f25-a26e-dfbe59d61c79",
              "isHook": false,
              "skipped": true
            },
            {
              "title": "O botão `Calcular` é habilitado quando todos os campos são preenchidos corretamente",
              "fullTitle": "5 - Desenvolva o formulário para adicionar um novo salário O botão `Calcular` é habilitado quando todos os campos são preenchidos corretamente",
              "timedOut": null,
              "duration": 0,
              "state": "skipped",
              "speed": null,
              "pass": false,
              "fail": false,
              "pending": false,
              "context": null,
              "code": "cy.get(\"button\").contains(/Adicionar salário/i).click();\ncy.get(\"input[name='grossSalary']\").clear().type(\"1500\");\ncy.get(\"input[name='deductions']\").clear().type(\"150\");\ncy.get(\"input[name='date']\").clear().type(\"2022-12-21\");\ncy.get(\"input[name='dependents']\").clear().type(\"1\");\ncy.get(\"button\").contains(/Calcular/i).should(\"be.enabled\");",
              "err": {},
              "uuid": "cd5f36a2-7266-4387-8de9-86882e84e3be",
              "parentUUID": "672f1d2c-a3e9-4f25-a26e-dfbe59d61c79",
              "isHook": false,
              "skipped": true
            }
          ],
          "suites": [],
          "passes": [],
          "failures": [
            "e7b5b817-c464-4f9e-92e5-f033d6e62fc3"
          ],
          "pending": [],
          "skipped": [
            "11b737fc-0cdf-4189-ae6d-03091fbbfae5",
            "f8dd4a8f-b260-45e7-acd9-cfed847d22b1",
            "a87e87d6-3b9c-436d-8dde-662ee5a110aa",
            "7ec0283f-b61e-48c4-9ec2-2bf845414b5e",
            "5b09ec8b-5883-45f0-afb8-41b09aadbc8d",
            "239602f8-9bee-4f33-a4ba-0a7ce3506fcc",
            "c8f7c77a-53ee-4709-885e-c57330bcf695",
            "1f826e1a-fb1d-4c48-8920-7ed21f0a2e4a",
            "cd5f36a2-7266-4387-8de9-86882e84e3be"
          ],
          "duration": 21092,
          "root": false,
          "rootEmpty": false,
          "_timeout": 2000
        }
      ],
      "passes": [],
      "failures": [],
      "pending": [],
      "skipped": [],
      "duration": 0,
      "root": true,
      "rootEmpty": true,
      "_timeout": 2000
    }
  ],
  "meta": {
    "mocha": {
      "version": "7.0.1"
    },
    "mochawesome": {
      "options": {
        "quiet": false,
        "reportFilename": "mochawesome",
        "saveHtml": false,
        "saveJson": true,
        "consoleReporter": "spec",
        "useInlineDiffs": false,
        "code": true
      },
      "version": "7.1.3"
    },
    "marge": {
      "options": {
        "id": "default",
        "reportDir": "cypress/reports",
        "overwrite": false,
        "html": false,
        "json": true
      },
      "version": "6.2.0"
    }
  }
}