{
  "stats": {
    "suites": 1,
    "tests": 2,
    "passes": 0,
    "pending": 0,
    "failures": 2,
    "start": "2025-01-22T19:35:36.409Z",
    "end": "2025-01-22T19:36:01.318Z",
    "duration": 24909,
    "testsRegistered": 10,
    "passPercent": 0,
    "pendingPercent": 0,
    "other": -1,
    "hasOther": false,
    "skipped": 9,
    "hasSkipped": true
  },
  "results": [
    {
      "uuid": "a8293dd5-5ada-4a33-b41a-35d5c318973c",
      "title": "",
      "fullFile": "cypress/e2e/05.IncomeForm.cy.js",
      "file": "cypress/e2e/05.IncomeForm.cy.js",
      "beforeHooks": [],
      "afterHooks": [],
      "tests": [],
      "suites": [
        {
          "uuid": "8d10f24b-9cdb-4ca7-86d5-0cdb9aafd907",
          "title": "5 - Desenvolva o formulário para adicionar um novo salário",
          "fullFile": "",
          "file": "",
          "beforeHooks": [],
          "afterHooks": [],
          "tests": [
            {
              "title": "O formulário é exibido ao clicar no botão `Adicionar salário`",
              "fullTitle": "5 - Desenvolva o formulário para adicionar um novo salário O formulário é exibido ao clicar no botão `Adicionar salário`",
              "timedOut": null,
              "duration": 23060,
              "state": "failed",
              "speed": null,
              "pass": false,
              "fail": true,
              "pending": false,
              "context": null,
              "code": "cy.contains(/Adicione um novo salário/i).should(\"not.exist\");\ncy.get(\"button\").contains(/Adicionar salário/i).click();\ncy.contains(/Adicione um novo salário/i).should(\"exist\");",
              "err": {
                "message": "AssertionError: Timed out retrying after 20000ms: Expected to find element: `a[href='/salarios']`, but never found it.\n\nBecause this error occurred during a `before each` hook we are skipping the remaining tests in the current suite: `5 - Desenvolva o formulário...`",
                "estack": "AssertionError: Timed out retrying after 20000ms: Expected to find element: `a[href='/salarios']`, but never found it.\n\nBecause this error occurred during a `before each` hook we are skipping the remaining tests in the current suite: `5 - Desenvolva o formulário...`\n    at Context.eval (webpack://od-fe-0x-planejamento-financeiro/./cypress/e2e/05.IncomeForm.cy.js:10:7)",
                "diff": null
              },
              "uuid": "e4e1a5b6-2a41-4d94-9d11-6859689534a3",
              "parentUUID": "8d10f24b-9cdb-4ca7-86d5-0cdb9aafd907",
              "isHook": false,
              "skipped": false
            },
            {
              "title": "O formulário deixa de ser exibido ao clicar no botão `Cancelar`",
              "fullTitle": "5 - Desenvolva o formulário para adicionar um novo salário O formulário deixa de ser exibido ao clicar no botão `Cancelar`",
              "timedOut": null,
              "duration": 0,
              "state": "skipped",
              "speed": null,
              "pass": false,
              "fail": false,
              "pending": false,
              "context": null,
              "code": "cy.contains(/Adicione um novo salário/i).should(\"not.exist\");\ncy.get(\"button\").contains(/Adicionar salário/i).click();\ncy.contains(/Adicione um novo salário/i).should(\"exist\");\ncy.get(\"button\").contains(/Cancelar/i).click();\ncy.contains(/Adicione um novo salário/i).should(\"not.exist\");",
              "err": {},
              "uuid": "9719b218-2bf7-4b3b-9608-4bb2d1e56fca",
              "parentUUID": "8d10f24b-9cdb-4ca7-86d5-0cdb9aafd907",
              "isHook": false,
              "skipped": true
            },
            {
              "title": "O formulário possui a estrutura pedida",
              "fullTitle": "5 - Desenvolva o formulário para adicionar um novo salário O formulário possui a estrutura pedida",
              "timedOut": null,
              "duration": 0,
              "state": "skipped",
              "speed": null,
              "pass": false,
              "fail": false,
              "pending": false,
              "context": null,
              "code": "cy.get(\"button\").contains(/Adicionar salário/i).click();\ncy.get(\"input[name='grossSalary']\").should(\"exist\");\ncy.get(\"input[name='deductions']\").should(\"exist\");\ncy.get(\"input[name='date']\").should(\"exist\");\ncy.get(\"input[name='dependents']\").should(\"exist\");\ncy.get(\"button\").contains(/Calcular/i).should(\"exist\");\ncy.get(\"button\").contains(/Cancelar/i).should(\"exist\");",
              "err": {},
              "uuid": "38b48c8f-37ae-4fdf-8bd7-f48e92ec1e8f",
              "parentUUID": "8d10f24b-9cdb-4ca7-86d5-0cdb9aafd907",
              "isHook": false,
              "skipped": true
            },
            {
              "title": "O campo date deve possuir o atributo `type` com o valor `date`",
              "fullTitle": "5 - Desenvolva o formulário para adicionar um novo salário O campo date deve possuir o atributo `type` com o valor `date`",
              "timedOut": null,
              "duration": 0,
              "state": "skipped",
              "speed": null,
              "pass": false,
              "fail": false,
              "pending": false,
              "context": null,
              "code": "cy.get(\"button\").contains(/Adicionar salário/i).click();\ncy.get(\"input[name='date']\").should(\"have.attr\", \"type\", \"date\");",
              "err": {},
              "uuid": "5ed38574-792f-42a0-b4f9-020ca0cb6d48",
              "parentUUID": "8d10f24b-9cdb-4ca7-86d5-0cdb9aafd907",
              "isHook": false,
              "skipped": true
            },
            {
              "title": "O botão `Calcular` começa desabilitado quando o formulário é exibido",
              "fullTitle": "5 - Desenvolva o formulário para adicionar um novo salário O botão `Calcular` começa desabilitado quando o formulário é exibido",
              "timedOut": null,
              "duration": 0,
              "state": "skipped",
              "speed": null,
              "pass": false,
              "fail": false,
              "pending": false,
              "context": null,
              "code": "cy.get(\"button\").contains(/Adicionar salário/i).click();\ncy.get(\"button\").contains(/Calcular/i).should(\"be.disabled\");",
              "err": {},
              "uuid": "a6d3497f-36b1-4293-890c-dd2891fc8d09",
              "parentUUID": "8d10f24b-9cdb-4ca7-86d5-0cdb9aafd907",
              "isHook": false,
              "skipped": true
            },
            {
              "title": "O botão `Calcular` permanece desabilitado quando o campo `grossSalary` não é preenchido corretamente",
              "fullTitle": "5 - Desenvolva o formulário para adicionar um novo salário O botão `Calcular` permanece desabilitado quando o campo `grossSalary` não é preenchido corretamente",
              "timedOut": null,
              "duration": 0,
              "state": "skipped",
              "speed": null,
              "pass": false,
              "fail": false,
              "pending": false,
              "context": null,
              "code": "cy.get(\"button\").contains(/Adicionar salário/i).click();\ncy.get(\"input[name='deductions']\").clear().type(\"150\");\ncy.get(\"input[name='date']\").clear().type(\"2022-12-21\");\ncy.get(\"input[name='dependents']\").clear().type(\"1\");\ncy.get(\"input[name='grossSalary']\").clear().type(\"0\");\ncy.get(\"button\").contains(/Calcular/i).should(\"be.disabled\");\ncy.get(\"input[name='grossSalary']\").clear().type(\"1500\");\ncy.get(\"button\").contains(/Calcular/i).should(\"be.enabled\");",
              "err": {},
              "uuid": "8ab1a270-eabd-4aeb-b784-096584a87242",
              "parentUUID": "8d10f24b-9cdb-4ca7-86d5-0cdb9aafd907",
              "isHook": false,
              "skipped": true
            },
            {
              "title": "O botão `Calcular` permanece desabilitado quando o campo `dependents` não é preenchido corretamente",
              "fullTitle": "5 - Desenvolva o formulário para adicionar um novo salário O botão `Calcular` permanece desabilitado quando o campo `dependents` não é preenchido corretamente",
              "timedOut": null,
              "duration": 0,
              "state": "skipped",
              "speed": null,
              "pass": false,
              "fail": false,
              "pending": false,
              "context": null,
              "code": "cy.get(\"button\").contains(/Adicionar salário/i).click();\ncy.get(\"input[name='grossSalary']\").clear().type(\"1500\");\ncy.get(\"input[name='deductions']\").clear().type(\"150\");\ncy.get(\"input[name='date']\").clear().type(\"2022-12-21\");\ncy.get(\"input[name='dependents']\").clear().type(\"-1\");\ncy.get(\"button\").contains(/Calcular/i).should(\"be.disabled\");\ncy.get(\"input[name='dependents']\").clear().type(\"0\");\ncy.get(\"button\").contains(/Calcular/i).should(\"be.enabled\");\ncy.get(\"input[name='dependents']\").clear().type(\"1\");\ncy.get(\"button\").contains(/Calcular/i).should(\"be.enabled\");",
              "err": {},
              "uuid": "c0cf70b5-1fff-4836-a9bd-79262d625dc1",
              "parentUUID": "8d10f24b-9cdb-4ca7-86d5-0cdb9aafd907",
              "isHook": false,
              "skipped": true
            },
            {
              "title": "O botão `Calcular` permanece desabilitado quando o campo `date` não é preenchido corretamente",
              "fullTitle": "5 - Desenvolva o formulário para adicionar um novo salário O botão `Calcular` permanece desabilitado quando o campo `date` não é preenchido corretamente",
              "timedOut": null,
              "duration": 0,
              "state": "skipped",
              "speed": null,
              "pass": false,
              "fail": false,
              "pending": false,
              "context": null,
              "code": "cy.get(\"button\").contains(/Adicionar salário/i).click();\ncy.get(\"input[name='grossSalary']\").clear().type(\"1500\");\ncy.get(\"input[name='deductions']\").clear().type(\"150\");\ncy.get(\"input[name='dependents']\").clear().type(\"1\");\ncy.get(\"button\").contains(/Calcular/i).should(\"be.disabled\");\ncy.get(\"input[name='date']\").clear().type(\"2022-12-21\");\ncy.get(\"button\").contains(/Calcular/i).should(\"be.enabled\");",
              "err": {},
              "uuid": "010fdc05-b4a0-4b04-9721-bba04b3d9649",
              "parentUUID": "8d10f24b-9cdb-4ca7-86d5-0cdb9aafd907",
              "isHook": false,
              "skipped": true
            },
            {
              "title": "O botão `Calcular` permanece desabilitado quando o campo `deductions` não é preenchido corretamente",
              "fullTitle": "5 - Desenvolva o formulário para adicionar um novo salário O botão `Calcular` permanece desabilitado quando o campo `deductions` não é preenchido corretamente",
              "timedOut": null,
              "duration": 0,
              "state": "skipped",
              "speed": null,
              "pass": false,
              "fail": false,
              "pending": false,
              "context": null,
              "code": "cy.get(\"button\").contains(/Adicionar salário/i).click();\ncy.get(\"input[name='grossSalary']\").clear().type(\"1500\");\ncy.get(\"input[name='date']\").clear().type(\"2022-12-21\");\ncy.get(\"input[name='dependents']\").clear().type(\"1\");\ncy.get(\"input[name='deductions']\").clear().type(\"-1\");\ncy.get(\"button\").contains(/Calcular/i).should(\"be.disabled\");\ncy.get(\"input[name='deductions']\").clear().type(\"0\");\ncy.get(\"button\").contains(/Calcular/i).should(\"be.enabled\");\ncy.get(\"input[name='deductions']\").clear().type(\"150\");\ncy.get(\"button\").contains(/Calcular/i).should(\"be.enabled\");",
              "err": {},
              "uuid": "5b4b7906-2f4a-4ef2-a9bd-f78ee5a1c9aa",
              "parentUUID": "8d10f24b-9cdb-4ca7-86d5-0cdb9aafd907",
              "isHook": false,
              "skipped": true
            },
            {
              "title": "O botão `Calcular` é habilitado quando todos os campos são preenchidos corretamente",
              "fullTitle": "5 - Desenvolva o formulário para adicionar um novo salário O botão `Calcular` é habilitado quando todos os campos são preenchidos corretamente",
              "timedOut": null,
              "duration": 0,
              "state": "skipped",
              "speed": null,
              "pass": false,
              "fail": false,
              "pending": false,
              "context": null,
              "code": "cy.get(\"button\").contains(/Adicionar salário/i).click();\ncy.get(\"input[name='grossSalary']\").clear().type(\"1500\");\ncy.get(\"input[name='deductions']\").clear().type(\"150\");\ncy.get(\"input[name='date']\").clear().type(\"2022-12-21\");\ncy.get(\"input[name='dependents']\").clear().type(\"1\");\ncy.get(\"button\").contains(/Calcular/i).should(\"be.enabled\");",
              "err": {},
              "uuid": "f15bcefe-0ed9-4c05-a545-26c577b859e7",
              "parentUUID": "8d10f24b-9cdb-4ca7-86d5-0cdb9aafd907",
              "isHook": false,
              "skipped": true
            }
          ],
          "suites": [],
          "passes": [],
          "failures": [
            "e4e1a5b6-2a41-4d94-9d11-6859689534a3"
          ],
          "pending": [],
          "skipped": [
            "9719b218-2bf7-4b3b-9608-4bb2d1e56fca",
            "38b48c8f-37ae-4fdf-8bd7-f48e92ec1e8f",
            "5ed38574-792f-42a0-b4f9-020ca0cb6d48",
            "a6d3497f-36b1-4293-890c-dd2891fc8d09",
            "8ab1a270-eabd-4aeb-b784-096584a87242",
            "c0cf70b5-1fff-4836-a9bd-79262d625dc1",
            "010fdc05-b4a0-4b04-9721-bba04b3d9649",
            "5b4b7906-2f4a-4ef2-a9bd-f78ee5a1c9aa",
            "f15bcefe-0ed9-4c05-a545-26c577b859e7"
          ],
          "duration": 23060,
          "root": false,
          "rootEmpty": false,
          "_timeout": 2000
        }
      ],
      "passes": [],
      "failures": [],
      "pending": [],
      "skipped": [],
      "duration": 0,
      "root": true,
      "rootEmpty": true,
      "_timeout": 2000
    }
  ],
  "meta": {
    "mocha": {
      "version": "7.0.1"
    },
    "mochawesome": {
      "options": {
        "quiet": false,
        "reportFilename": "mochawesome",
        "saveHtml": false,
        "saveJson": true,
        "consoleReporter": "spec",
        "useInlineDiffs": false,
        "code": true
      },
      "version": "7.1.3"
    },
    "marge": {
      "options": {
        "id": "default",
        "reportDir": "cypress/reports",
        "overwrite": false,
        "html": false,
        "json": true
      },
      "version": "6.2.0"
    }
  }
}