{
  "stats": {
    "suites": 1,
    "tests": 2,
    "passes": 0,
    "pending": 0,
    "failures": 2,
    "start": "2025-01-22T19:50:57.566Z",
    "end": "2025-01-22T19:51:41.217Z",
    "duration": 43651,
    "testsRegistered": 2,
    "passPercent": 0,
    "pendingPercent": 0,
    "other": 0,
    "hasOther": false,
    "skipped": 0,
    "hasSkipped": false
  },
  "results": [
    {
      "uuid": "515a6ae1-6d91-441f-aee1-7e5c81a71190",
      "title": "",
      "fullFile": "cypress/e2e/02.ProtectedRoute.cy.js",
      "file": "cypress/e2e/02.ProtectedRoute.cy.js",
      "beforeHooks": [],
      "afterHooks": [],
      "tests": [],
      "suites": [
        {
          "uuid": "05ff14bc-5679-4510-8256-927dd176590e",
          "title": "2 - Faça o controle de navegação das rotas",
          "fullFile": "",
          "file": "",
          "beforeHooks": [],
          "afterHooks": [],
          "tests": [
            {
              "title": "Caso a pessoa não esteja logada ao acessar a rota `/`, ela deve ser redirecionada para `/login`",
              "fullTitle": "2 - Faça o controle de navegação das rotas Caso a pessoa não esteja logada ao acessar a rota `/`, ela deve ser redirecionada para `/login`",
              "timedOut": null,
              "duration": 20574,
              "state": "failed",
              "speed": null,
              "pass": false,
              "fail": true,
              "pending": false,
              "context": null,
              "code": "cy.visit(\"http://localhost:3000/\");\ncy.location(\"pathname\").should(\"eq\", \"/login\");",
              "err": {
                "message": "AssertionError: Timed out retrying after 20000ms: expected '/' to equal '/login'",
                "estack": "AssertionError: Timed out retrying after 20000ms: expected '/' to equal '/login'\n    at Context.eval (webpack://od-fe-0x-planejamento-financeiro/./cypress/e2e/02.ProtectedRoute.cy.js:14:28)",
                "diff": "- '/'\n+ '/login'\n"
              },
              "uuid": "d80e4f4c-ea86-4895-8ba5-4021b58697f0",
              "parentUUID": "05ff14bc-5679-4510-8256-927dd176590e",
              "isHook": false,
              "skipped": false
            },
            {
              "title": "Caso a pessoa já esteja logada ao acessar a rota `/login`, ela deve ser redirecionada para a rota `/`",
              "fullTitle": "2 - Faça o controle de navegação das rotas Caso a pessoa já esteja logada ao acessar a rota `/login`, ela deve ser redirecionada para a rota `/`",
              "timedOut": null,
              "duration": 21229,
              "state": "failed",
              "speed": null,
              "pass": false,
              "fail": true,
              "pending": false,
              "context": null,
              "code": "cy.visit(\"http://localhost:3000/login\");\n(0, _helperFunctions.logInWithValidCredentials)();\ncy.location(\"pathname\").should(\"eq\", \"/\");\ncy.visit(\"http://localhost:3000/login \");\ncy.location(\"pathname\").should(\"eq\", \"/\");",
              "err": {
                "message": "AssertionError: Timed out retrying after 20000ms: expected '/login' to equal '/'",
                "estack": "AssertionError: Timed out retrying after 20000ms: expected '/login' to equal '/'\n    at Context.eval (webpack://od-fe-0x-planejamento-financeiro/./cypress/e2e/02.ProtectedRoute.cy.js:20:28)",
                "diff": "- '/login'\n+ '/'\n"
              },
              "uuid": "26272672-4b1f-45d2-b80d-1b5e5bbc5ee4",
              "parentUUID": "05ff14bc-5679-4510-8256-927dd176590e",
              "isHook": false,
              "skipped": false
            }
          ],
          "suites": [],
          "passes": [],
          "failures": [
            "d80e4f4c-ea86-4895-8ba5-4021b58697f0",
            "26272672-4b1f-45d2-b80d-1b5e5bbc5ee4"
          ],
          "pending": [],
          "skipped": [],
          "duration": 41803,
          "root": false,
          "rootEmpty": false,
          "_timeout": 2000
        }
      ],
      "passes": [],
      "failures": [],
      "pending": [],
      "skipped": [],
      "duration": 0,
      "root": true,
      "rootEmpty": true,
      "_timeout": 2000
    }
  ],
  "meta": {
    "mocha": {
      "version": "7.0.1"
    },
    "mochawesome": {
      "options": {
        "quiet": false,
        "reportFilename": "mochawesome",
        "saveHtml": false,
        "saveJson": true,
        "consoleReporter": "spec",
        "useInlineDiffs": false,
        "code": true
      },
      "version": "7.1.3"
    },
    "marge": {
      "options": {
        "id": "default",
        "reportDir": "cypress/reports",
        "overwrite": false,
        "html": false,
        "json": true
      },
      "version": "6.2.0"
    }
  }
}