{
  "stats": {
    "suites": 1,
    "tests": 2,
    "passes": 0,
    "pending": 0,
    "failures": 2,
    "start": "2025-01-20T19:28:25.190Z",
    "end": "2025-01-20T19:28:26.472Z",
    "duration": 1282,
    "testsRegistered": 6,
    "passPercent": 0,
    "pendingPercent": 0,
    "other": -1,
    "hasOther": false,
    "skipped": 5,
    "hasSkipped": true
  },
  "results": [
    {
      "uuid": "338575fc-d0f0-4bf3-ab91-95f109eec2bf",
      "title": "",
      "fullFile": "cypress/e2e/01.LoginPage.cy.js",
      "file": "cypress/e2e/01.LoginPage.cy.js",
      "beforeHooks": [],
      "afterHooks": [],
      "tests": [],
      "suites": [
        {
          "uuid": "f3161ec2-2a8f-425a-9802-c69a2afed282",
          "title": "1 - Crie uma página inicial de login com os seguintes campos e características",
          "fullFile": "",
          "file": "",
          "beforeHooks": [],
          "afterHooks": [],
          "tests": [
            {
              "title": "A rota para a página deve ser `/login`",
              "fullTitle": "1 - Crie uma página inicial de login com os seguintes campos e características A rota para a página deve ser `/login`",
              "timedOut": null,
              "duration": 694,
              "state": "failed",
              "speed": null,
              "pass": false,
              "fail": true,
              "pending": false,
              "context": null,
              "code": "cy.location('pathname').should('eq', '/login');",
              "err": {
                "message": "CypressError: `cy.visit()` failed trying to load:\n\nhttp://localhost:3000/login\n\nWe attempted to make an http request to this URL but the request failed without a response.\n\nWe received this error at the network level:\n\n  > Error: connect ECONNREFUSED 127.0.0.1:3000\n\nCommon situations why this would fail:\n  - you don't have internet access\n  - you forgot to run / boot your web server\n  - your web server isn't accessible\n  - you have weird network configuration settings on your computer\n\nBecause this error occurred during a `before each` hook we are skipping the remaining tests in the current suite: `1 - Crie uma página inicial...`",
                "estack": "CypressError: `cy.visit()` failed trying to load:\n\nhttp://localhost:3000/login\n\nWe attempted to make an http request to this URL but the request failed without a response.\n\nWe received this error at the network level:\n\n  > Error: connect ECONNREFUSED 127.0.0.1:3000\n\nCommon situations why this would fail:\n  - you don't have internet access\n  - you forgot to run / boot your web server\n  - your web server isn't accessible\n  - you have weird network configuration settings on your computer\n\nBecause this error occurred during a `before each` hook we are skipping the remaining tests in the current suite: `1 - Crie uma página inicial...`\n    at <unknown> (http://localhost:42529/__cypress/runner/cypress_runner.js:130947:74)\n    at visitFailedByErr (http://localhost:42529/__cypress/runner/cypress_runner.js:130339:12)\n    at <unknown> (http://localhost:42529/__cypress/runner/cypress_runner.js:130946:11)\n    at tryCatcher (http://localhost:42529/__cypress/runner/cypress_runner.js:1807:23)\n    at Promise._settlePromiseFromHandler (http://localhost:42529/__cypress/runner/cypress_runner.js:1519:31)\n    at Promise._settlePromise (http://localhost:42529/__cypress/runner/cypress_runner.js:1576:18)\n    at Promise._settlePromise0 (http://localhost:42529/__cypress/runner/cypress_runner.js:1621:10)\n    at Promise._settlePromises (http://localhost:42529/__cypress/runner/cypress_runner.js:1697:18)\n    at _drainQueueStep (http://localhost:42529/__cypress/runner/cypress_runner.js:2407:12)\n    at _drainQueue (http://localhost:42529/__cypress/runner/cypress_runner.js:2400:9)\n    at Async._drainQueues (http://localhost:42529/__cypress/runner/cypress_runner.js:2416:5)\n    at Async.drainQueues (http://localhost:42529/__cypress/runner/cypress_runner.js:2286:14)\nFrom Your Spec Code:\n    at Context.eval (webpack://od-fe-0x-planejamento-financeiro/./cypress/e2e/01.LoginPage.cy.js:8:7)\n\nFrom Node.js Internals:\n  Error: connect ECONNREFUSED 127.0.0.1:3000\n      at TCPConnectWrap.afterConnect [as oncomplete] (node:net:1494:16)",
                "diff": null
              },
              "uuid": "0c6e7ec6-7cce-4a91-a966-c85076d4ae07",
              "parentUUID": "f3161ec2-2a8f-425a-9802-c69a2afed282",
              "isHook": false,
              "skipped": false
            },
            {
              "title": "Existe um formulário com campo `email`, campo `password` e botão `enviar`",
              "fullTitle": "1 - Crie uma página inicial de login com os seguintes campos e características Existe um formulário com campo `email`, campo `password` e botão `enviar`",
              "timedOut": null,
              "duration": 0,
              "state": "skipped",
              "speed": null,
              "pass": false,
              "fail": false,
              "pending": false,
              "context": null,
              "code": "cy.get(`input[name=email]`).should('exist');\ncy.get(\"input[name=password]\").should('exist');\ncy.contains(/Entrar/i).should('exist').should(\"be.disabled\");",
              "err": {},
              "uuid": "fbbd86ac-02f7-4a44-b277-613db3dc8103",
              "parentUUID": "f3161ec2-2a8f-425a-9802-c69a2afed282",
              "isHook": false,
              "skipped": true
            },
            {
              "title": "O botão `enviar` deve estar desabilitado caso o campo `email` não seja preenchido com um formato de email válido",
              "fullTitle": "1 - Crie uma página inicial de login com os seguintes campos e características O botão `enviar` deve estar desabilitado caso o campo `email` não seja preenchido com um formato de email válido",
              "timedOut": null,
              "duration": 0,
              "state": "skipped",
              "speed": null,
              "pass": false,
              "fail": false,
              "pending": false,
              "context": null,
              "code": "cy.get(\"input[name=email]\").clear().type(\"formato@invalido\");\ncy.get(\"input[name=password]\").type(\"WrongPassword\");\ncy.contains(/Entrar/i).should(\"be.disabled\");\ncy.get(\"input[name=email]\").clear().type(\"formato@valido.com\");\ncy.contains(/Entrar/i).should(\"be.enabled\");",
              "err": {},
              "uuid": "a649e010-7800-4707-b1fa-b4076fe8f5bd",
              "parentUUID": "f3161ec2-2a8f-425a-9802-c69a2afed282",
              "isHook": false,
              "skipped": true
            },
            {
              "title": "Uma mensagem de erro é exibida ao tentar fazer login com um email não cadastrado",
              "fullTitle": "1 - Crie uma página inicial de login com os seguintes campos e características Uma mensagem de erro é exibida ao tentar fazer login com um email não cadastrado",
              "timedOut": null,
              "duration": 0,
              "state": "skipped",
              "speed": null,
              "pass": false,
              "fail": false,
              "pending": false,
              "context": null,
              "code": "cy.get(\"input[name=email]\").type(\"email@naocadastrado.com\");\ncy.get(\"input[name=password]\").type(\"mudar123\");\ncy.contains(/Entrar/i).click();\ncy.contains(/Erro ao fazer login/i).should('exist');",
              "err": {},
              "uuid": "22f34d96-f1e6-440a-8da9-8ac7be80e816",
              "parentUUID": "f3161ec2-2a8f-425a-9802-c69a2afed282",
              "isHook": false,
              "skipped": true
            },
            {
              "title": "Uma mensagem de erro é exibida ao tentar fazer login com a senha errada",
              "fullTitle": "1 - Crie uma página inicial de login com os seguintes campos e características Uma mensagem de erro é exibida ao tentar fazer login com a senha errada",
              "timedOut": null,
              "duration": 0,
              "state": "skipped",
              "speed": null,
              "pass": false,
              "fail": false,
              "pending": false,
              "context": null,
              "code": "cy.get(\"input[name=email]\").type(_constants.USER_EMAIL);\ncy.get(\"input[name=password]\").type(\"WrongPassword\");\ncy.contains(/Entrar/i).click();\ncy.contains(/Erro ao fazer login/i).should('exist');",
              "err": {},
              "uuid": "9e3a6e4a-d28f-4472-b586-9935c32f2b91",
              "parentUUID": "f3161ec2-2a8f-425a-9802-c69a2afed282",
              "isHook": false,
              "skipped": true
            },
            {
              "title": "A pessoa é redirecionada para a rota `/` quando o login é feito com sucesso ao usar login e senha corretos",
              "fullTitle": "1 - Crie uma página inicial de login com os seguintes campos e características A pessoa é redirecionada para a rota `/` quando o login é feito com sucesso ao usar login e senha corretos",
              "timedOut": null,
              "duration": 0,
              "state": "skipped",
              "speed": null,
              "pass": false,
              "fail": false,
              "pending": false,
              "context": null,
              "code": "cy.get(\"input[name=email]\").type(_constants.USER_EMAIL);\ncy.get(\"input[name=password]\").type(_constants.USER_PASSWORD);\ncy.contains(/Entrar/i).click();\ncy.location('pathname').should('eq', '/');",
              "err": {},
              "uuid": "5abf88b9-b4e4-4a3d-8824-fa2dee9317c4",
              "parentUUID": "f3161ec2-2a8f-425a-9802-c69a2afed282",
              "isHook": false,
              "skipped": true
            }
          ],
          "suites": [],
          "passes": [],
          "failures": [
            "0c6e7ec6-7cce-4a91-a966-c85076d4ae07"
          ],
          "pending": [],
          "skipped": [
            "fbbd86ac-02f7-4a44-b277-613db3dc8103",
            "a649e010-7800-4707-b1fa-b4076fe8f5bd",
            "22f34d96-f1e6-440a-8da9-8ac7be80e816",
            "9e3a6e4a-d28f-4472-b586-9935c32f2b91",
            "5abf88b9-b4e4-4a3d-8824-fa2dee9317c4"
          ],
          "duration": 694,
          "root": false,
          "rootEmpty": false,
          "_timeout": 2000
        }
      ],
      "passes": [],
      "failures": [],
      "pending": [],
      "skipped": [],
      "duration": 0,
      "root": true,
      "rootEmpty": true,
      "_timeout": 2000
    }
  ],
  "meta": {
    "mocha": {
      "version": "7.0.1"
    },
    "mochawesome": {
      "options": {
        "quiet": false,
        "reportFilename": "mochawesome",
        "saveHtml": false,
        "saveJson": true,
        "consoleReporter": "spec",
        "useInlineDiffs": false,
        "code": true
      },
      "version": "7.1.3"
    },
    "marge": {
      "options": {
        "id": "default",
        "reportDir": "cypress/reports",
        "overwrite": false,
        "html": false,
        "json": true
      },
      "version": "6.2.0"
    }
  }
}